{"level":"error","message":"Loading mods: Error: ENOENT: no such file or directory, scandir 'C:\\Users\\flomu\\dbs\\BotFiles\\mods'","service":"user-service"}
{"level":"error","message":"Bot login: Error [TOKEN_INVALID]: An invalid token was provided.","service":"user-service"}
{"level":"error","message":"Loading mods: Error: ENOENT: no such file or directory, scandir 'C:\\Users\\flomu\\dbs\\BotFiles\\mods'","service":"user-service"}
{"level":"error","message":"Loading mods: Error: ENOENT: no such file or directory, scandir 'C:\\Users\\flomu\\dbs\\BotFiles\\mods'","service":"user-service"}
{"level":"error","message":"Loading mods: Error: ENOENT: no such file or directory, scandir 'C:\\Users\\Michael\\Documents\\monke\\BotFiles\\mods'","service":"user-service"}
{"level":"error","message":"Loading mods: Error: ENOENT: no such file or directory, scandir 'C:\\Users\\Michael\\Documents\\monke\\BotFiles\\mods'","service":"user-service"}
{"level":"error","message":"Bot login: Error [DISALLOWED_INTENTS]: Privileged intent provided is not enabled or whitelisted.","service":"user-service"}
{"level":"error","message":"Loading mods: Error: ENOENT: no such file or directory, scandir 'C:\\Users\\Michael\\Documents\\monke\\BotFiles\\mods'","service":"user-service"}
{"level":"error","message":"Bot login: Error [DISALLOWED_INTENTS]: Privileged intent provided is not enabled or whitelisted.","service":"user-service"}
{"level":"error","message":"Loading mods: Error: ENOENT: no such file or directory, scandir 'C:\\Users\\Michael\\Documents\\monke\\BotFiles\\mods'","service":"user-service"}
{"level":"error","message":"Bot login: Error [DISALLOWED_INTENTS]: Privileged intent provided is not enabled or whitelisted.","service":"user-service"}
{"level":"error","message":"Loading mods: Error: ENOENT: no such file or directory, scandir 'C:\\Users\\Michael\\Documents\\monke\\BotFiles\\mods'","service":"user-service"}
{"level":"error","message":"Bot login: Error [DISALLOWED_INTENTS]: Privileged intent provided is not enabled or whitelisted.","service":"user-service"}
{"level":"error","message":"Loading mods: Error: ENOENT: no such file or directory, scandir 'C:\\Users\\Michael\\Documents\\monke\\BotFiles\\mods'","service":"user-service"}
{"level":"error","message":"Call next action: [help] TypeError: Cannot read property 'type' of undefined\n    at Object.DBS.callNextAction (C:\\Users\\Michael\\Documents\\monke\\BotFiles\\bot.js:127:20)\n    at Object.module.exports.Message_Handle (C:\\Users\\Michael\\Documents\\monke\\BotFiles\\Handlers\\Message.js:33:9)\n    at processTicksAndRejections (internal/process/task_queues.js:93:5)","service":"user-service"}
{"level":"error","message":"Call next action: [help] TypeError: Cannot read property 'type' of undefined\n    at Object.DBS.callNextAction (C:\\Users\\Michael\\Documents\\monke\\BotFiles\\bot.js:127:20)\n    at Object.module.exports.Message_Handle (C:\\Users\\Michael\\Documents\\monke\\BotFiles\\Handlers\\Message.js:33:9)\n    at processTicksAndRejections (internal/process/task_queues.js:93:5)","service":"user-service"}
{"level":"error","message":"Call next action: [help] TypeError: Cannot read property 'type' of undefined\n    at Object.DBS.callNextAction (C:\\Users\\Michael\\Documents\\monke\\BotFiles\\bot.js:127:20)\n    at Object.module.exports.Message_Handle (C:\\Users\\Michael\\Documents\\monke\\BotFiles\\Handlers\\Message.js:33:9)\n    at processTicksAndRejections (internal/process/task_queues.js:93:5)","service":"user-service"}
{"level":"error","message":"Loading mods: Error: ENOENT: no such file or directory, scandir 'C:\\Users\\Michael\\Documents\\monke\\BotFiles\\mods'","service":"user-service"}
{"level":"error","message":"Call next action: [purge] TypeError: Cannot read property 'type' of undefined\n    at Object.DBS.callNextAction (C:\\Users\\Michael\\Documents\\monke\\BotFiles\\bot.js:127:20)\n    at Object.module.exports.Message_Handle (C:\\Users\\Michael\\Documents\\monke\\BotFiles\\Handlers\\Message.js:33:9)","service":"user-service"}
{"level":"error","message":"Call next action: [purge 10] TypeError: Cannot read property 'type' of undefined\n    at Object.DBS.callNextAction (C:\\Users\\Michael\\Documents\\monke\\BotFiles\\bot.js:127:20)\n    at Object.module.exports.Message_Handle (C:\\Users\\Michael\\Documents\\monke\\BotFiles\\Handlers\\Message.js:33:9)","service":"user-service"}
{"level":"error","message":"Call next action: [purge] TypeError: Cannot read property 'type' of undefined\n    at Object.DBS.callNextAction (C:\\Users\\Michael\\Documents\\monke\\BotFiles\\bot.js:127:20)\n    at Object.module.exports.Message_Handle (C:\\Users\\Michael\\Documents\\monke\\BotFiles\\Handlers\\Message.js:33:9)","service":"user-service"}
{"level":"error","message":"Call next action: [help] TypeError: Cannot read property 'type' of undefined\n    at Object.DBS.callNextAction (C:\\Users\\Michael\\Documents\\monke\\BotFiles\\bot.js:127:20)\n    at Object.module.exports.Message_Handle (C:\\Users\\Michael\\Documents\\monke\\BotFiles\\Handlers\\Message.js:33:9)\n    at processTicksAndRejections (internal/process/task_queues.js:93:5)","service":"user-service"}
{"level":"error","message":"Loading mods: Error: ENOENT: no such file or directory, scandir 'C:\\Users\\Michael\\Documents\\monke\\BotFiles\\mods'","service":"user-service"}
{"level":"error","message":"Call next action: [purge] TypeError: Cannot read property 'type' of undefined\n    at Object.DBS.callNextAction (C:\\Users\\Michael\\Documents\\monke\\BotFiles\\bot.js:127:20)\n    at Object.module.exports.Message_Handle (C:\\Users\\Michael\\Documents\\monke\\BotFiles\\Handlers\\Message.js:33:9)","service":"user-service"}
{"level":"error","message":"Call next action: [purge 100] TypeError: Cannot read property 'type' of undefined\n    at Object.DBS.callNextAction (C:\\Users\\Michael\\Documents\\monke\\BotFiles\\bot.js:127:20)\n    at Object.module.exports.Message_Handle (C:\\Users\\Michael\\Documents\\monke\\BotFiles\\Handlers\\Message.js:33:9)","service":"user-service"}
{"level":"error","message":"Call next action: [purge] TypeError: Cannot read property 'type' of undefined\n    at Object.DBS.callNextAction (C:\\Users\\Michael\\Documents\\monke\\BotFiles\\bot.js:127:20)\n    at Object.module.exports.Message_Handle (C:\\Users\\Michael\\Documents\\monke\\BotFiles\\Handlers\\Message.js:33:9)","service":"user-service"}
{"level":"error","message":"Call next action: [purge] TypeError: Cannot read property 'type' of undefined\n    at Object.DBS.callNextAction (C:\\Users\\Michael\\Documents\\monke\\BotFiles\\bot.js:127:20)\n    at Object.module.exports.Message_Handle (C:\\Users\\Michael\\Documents\\monke\\BotFiles\\Handlers\\Message.js:33:9)","service":"user-service"}
{"level":"error","message":"Call next action: [purge 1] TypeError: Cannot read property 'type' of undefined\n    at Object.DBS.callNextAction (C:\\Users\\Michael\\Documents\\monke\\BotFiles\\bot.js:127:20)\n    at Object.module.exports.Message_Handle (C:\\Users\\Michael\\Documents\\monke\\BotFiles\\Handlers\\Message.js:33:9)","service":"user-service"}
{"level":"error","message":"Call next action: [purge 100] TypeError: Cannot read property 'type' of undefined\n    at Object.DBS.callNextAction (C:\\Users\\Michael\\Documents\\monke\\BotFiles\\bot.js:127:20)\n    at Object.module.exports.Message_Handle (C:\\Users\\Michael\\Documents\\monke\\BotFiles\\Handlers\\Message.js:33:9)","service":"user-service"}
{"level":"error","message":"Call next action: [purge 100] TypeError: Cannot read property 'type' of undefined\n    at Object.DBS.callNextAction (C:\\Users\\Michael\\Documents\\monke\\BotFiles\\bot.js:127:20)\n    at Object.module.exports.Message_Handle (C:\\Users\\Michael\\Documents\\monke\\BotFiles\\Handlers\\Message.js:33:9)","service":"user-service"}
{"level":"error","message":"Loading mods: Error: ENOENT: no such file or directory, scandir 'C:\\Users\\Michael\\Documents\\monke\\BotFiles\\mods'","service":"user-service"}
{"level":"error","message":"Call next action: [purge 100] TypeError: Cannot read property 'type' of undefined\n    at Object.DBS.callNextAction (C:\\Users\\Michael\\Documents\\monke\\BotFiles\\bot.js:127:20)\n    at Object.module.exports.Message_Handle (C:\\Users\\Michael\\Documents\\monke\\BotFiles\\Handlers\\Message.js:33:9)","service":"user-service"}
{"level":"error","message":"Call next action: [purge] TypeError: Cannot read property 'type' of undefined\n    at Object.DBS.callNextAction (C:\\Users\\Michael\\Documents\\monke\\BotFiles\\bot.js:127:20)\n    at Object.module.exports.Message_Handle (C:\\Users\\Michael\\Documents\\monke\\BotFiles\\Handlers\\Message.js:33:9)","service":"user-service"}
{"level":"error","message":"Loading mods: Error: ENOENT: no such file or directory, scandir 'C:\\Users\\Michael\\Documents\\monke\\BotFiles\\mods'","service":"user-service"}
{"level":"error","message":"Loading mods: Error: ENOENT: no such file or directory, scandir 'C:\\Users\\Michael\\Documents\\monke\\BotFiles\\mods'","service":"user-service"}
{"level":"error","message":"Call next action: [purge] TypeError: Cannot read property 'type' of undefined\n    at Object.DBS.callNextAction (C:\\Users\\Michael\\Documents\\monke\\BotFiles\\bot.js:127:20)\n    at Object.module.exports.Message_Handle (C:\\Users\\Michael\\Documents\\monke\\BotFiles\\Handlers\\Message.js:33:9)","service":"user-service"}
{"level":"error","message":"Call next action: [purge 23] TypeError: Cannot read property 'type' of undefined\n    at Object.DBS.callNextAction (C:\\Users\\Michael\\Documents\\monke\\BotFiles\\bot.js:127:20)\n    at Object.module.exports.Message_Handle (C:\\Users\\Michael\\Documents\\monke\\BotFiles\\Handlers\\Message.js:33:9)","service":"user-service"}
{"level":"error","message":"Loading mods: Error: ENOENT: no such file or directory, scandir 'C:\\Users\\Michael\\Documents\\monke\\BotFiles\\mods'","service":"user-service"}
{"level":"error","message":"Call next action: [purge] TypeError: Cannot read property 'type' of undefined\n    at Object.DBS.callNextAction (C:\\Users\\Michael\\Documents\\monke\\BotFiles\\bot.js:127:20)\n    at Object.module.exports.Message_Handle (C:\\Users\\Michael\\Documents\\monke\\BotFiles\\Handlers\\Message.js:33:9)","service":"user-service"}
{"level":"error","message":"Loading mods: Error: ENOENT: no such file or directory, scandir 'C:\\Users\\Michael\\Documents\\monke\\BotFiles\\mods'","service":"user-service"}
{"level":"error","message":"Call next action: [purge] TypeError: Cannot read property 'type' of undefined\n    at Object.DBS.callNextAction (C:\\Users\\Michael\\Documents\\monke\\BotFiles\\bot.js:127:20)\n    at Object.module.exports.Message_Handle (C:\\Users\\Michael\\Documents\\monke\\BotFiles\\Handlers\\Message.js:33:9)","service":"user-service"}
{"level":"error","message":"Loading mods: Error: ENOENT: no such file or directory, scandir 'C:\\Users\\Michael\\Documents\\monke\\BotFiles\\mods'","service":"user-service"}
{"level":"error","message":"Call next action: [purge] TypeError: Cannot read property 'type' of undefined\n    at Object.DBS.callNextAction (C:\\Users\\Michael\\Documents\\monke\\BotFiles\\bot.js:127:20)\n    at Object.module.exports.Message_Handle (C:\\Users\\Michael\\Documents\\monke\\BotFiles\\Handlers\\Message.js:33:9)\n    at processTicksAndRejections (internal/process/task_queues.js:93:5)","service":"user-service"}
{"level":"error","message":"Loading mods: Error: ENOENT: no such file or directory, scandir 'C:\\Users\\Michael\\Documents\\monke\\BotFiles\\mods'","service":"user-service"}
{"level":"error","message":"Call next action: [purge] TypeError: Cannot read property 'type' of undefined\n    at Object.DBS.callNextAction (C:\\Users\\Michael\\Documents\\monke\\BotFiles\\bot.js:127:20)\n    at Object.module.exports.Message_Handle (C:\\Users\\Michael\\Documents\\monke\\BotFiles\\Handlers\\Message.js:33:9)","service":"user-service"}
{"level":"error","message":"Loading mods: Error: ENOENT: no such file or directory, scandir 'C:\\Users\\Michael\\Documents\\monke\\BotFiles\\mods'","service":"user-service"}
{"level":"error","message":"Call next action: [purge <#787120485892489216>] TypeError: Cannot read property 'type' of undefined\n    at Object.DBS.callNextAction (C:\\Users\\Michael\\Documents\\monke\\BotFiles\\bot.js:127:20)\n    at Object.module.exports.Message_Handle (C:\\Users\\Michael\\Documents\\monke\\BotFiles\\Handlers\\Message.js:33:9)","service":"user-service"}
{"level":"error","message":"Loading mods: Error: ENOENT: no such file or directory, scandir 'C:\\Users\\Michael\\Documents\\monke\\BotFiles\\mods'","service":"user-service"}
{"level":"error","message":"Call next action: [purge] TypeError: Cannot read property 'type' of undefined\n    at Object.DBS.callNextAction (C:\\Users\\Michael\\Documents\\monke\\BotFiles\\bot.js:127:20)\n    at Object.module.exports.Message_Handle (C:\\Users\\Michael\\Documents\\monke\\BotFiles\\Handlers\\Message.js:33:9)","service":"user-service"}
{"level":"error","message":"Loading mods: Error: ENOENT: no such file or directory, scandir 'C:\\Users\\Michael\\Documents\\monke\\BotFiles\\mods'","service":"user-service"}
{"level":"error","message":"Call next action: [purge 3] TypeError: Cannot read property 'type' of undefined\n    at Object.DBS.callNextAction (C:\\Users\\Michael\\Documents\\monke\\BotFiles\\bot.js:127:20)\n    at Object.module.exports.Message_Handle (C:\\Users\\Michael\\Documents\\monke\\BotFiles\\Handlers\\Message.js:33:9)","service":"user-service"}
{"level":"error","message":"Loading mods: Error: ENOENT: no such file or directory, scandir 'C:\\Users\\Michael\\Documents\\monke\\BotFiles\\mods'","service":"user-service"}
{"level":"error","message":"Call next action: [urge 5] TypeError: Cannot read property 'type' of undefined\n    at Object.DBS.callNextAction (C:\\Users\\Michael\\Documents\\monke\\BotFiles\\bot.js:127:20)\n    at Object.module.exports.Message_Handle (C:\\Users\\Michael\\Documents\\monke\\BotFiles\\Handlers\\Message.js:33:9)","service":"user-service"}
{"level":"error","message":"Loading mods: Error: ENOENT: no such file or directory, scandir 'C:\\Users\\Michael\\Documents\\monke\\BotFiles\\mods'","service":"user-service"}
{"level":"error","message":"Call next action: [ick] TypeError: Cannot read property 'type' of undefined\n    at Object.DBS.callNextAction (C:\\Users\\Michael\\Documents\\monke\\BotFiles\\bot.js:127:20)\n    at Object.module.exports.Message_Handle (C:\\Users\\Michael\\Documents\\monke\\BotFiles\\Handlers\\Message.js:33:9)","service":"user-service"}
{"level":"error","message":"Call next action: [ick <@!728286026824548393>] TypeError: Cannot read property 'type' of undefined\n    at Object.DBS.callNextAction (C:\\Users\\Michael\\Documents\\monke\\BotFiles\\bot.js:127:20)\n    at Object.module.exports.Message_Handle (C:\\Users\\Michael\\Documents\\monke\\BotFiles\\Handlers\\Message.js:33:9)","service":"user-service"}
{"level":"error","message":"Loading mods: Error: ENOENT: no such file or directory, scandir 'C:\\Users\\Michael\\Documents\\monke\\BotFiles\\mods'","service":"user-service"}
{"level":"error","message":"Call next action: [ick <@!728286026824548393>] TypeError: Cannot read property 'type' of undefined\n    at Object.DBS.callNextAction (C:\\Users\\Michael\\Documents\\monke\\BotFiles\\bot.js:127:20)\n    at Object.module.exports.Message_Handle (C:\\Users\\Michael\\Documents\\monke\\BotFiles\\Handlers\\Message.js:33:9)","service":"user-service"}
{"level":"error","message":"Call next action: [help] TypeError: Cannot read property 'type' of undefined\n    at Object.DBS.callNextAction (C:\\Users\\Michael\\Documents\\monke\\BotFiles\\bot.js:127:20)\n    at Object.module.exports.Message_Handle (C:\\Users\\Michael\\Documents\\monke\\BotFiles\\Handlers\\Message.js:33:9)\n    at processTicksAndRejections (internal/process/task_queues.js:93:5)","service":"user-service"}
{"level":"error","message":"Loading mods: Error: ENOENT: no such file or directory, scandir 'C:\\Users\\Michael\\Documents\\monke\\BotFiles\\mods'","service":"user-service"}
{"level":"error","message":"Call next action: [ick <@!728286026824548393>] TypeError: Cannot read property 'type' of undefined\n    at Object.DBS.callNextAction (C:\\Users\\Michael\\Documents\\monke\\BotFiles\\bot.js:127:20)\n    at Object.module.exports.Message_Handle (C:\\Users\\Michael\\Documents\\monke\\BotFiles\\Handlers\\Message.js:33:9)","service":"user-service"}
{"level":"error","message":"Loading mods: Error: ENOENT: no such file or directory, scandir 'C:\\Users\\Michael\\Documents\\monke\\BotFiles\\mods'","service":"user-service"}
{"level":"error","message":"Call next action: [ick <@!728286026824548393>] TypeError: Cannot read property 'type' of undefined\n    at Object.DBS.callNextAction (C:\\Users\\Michael\\Documents\\monke\\BotFiles\\bot.js:127:20)\n    at Object.module.exports.Message_Handle (C:\\Users\\Michael\\Documents\\monke\\BotFiles\\Handlers\\Message.js:33:9)","service":"user-service"}
{"level":"error","message":"Loading mods: Error: ENOENT: no such file or directory, scandir 'C:\\Users\\Michael\\Documents\\monke\\BotFiles\\mods'","service":"user-service"}
{"level":"error","message":"Call next action: [ick <@!728286026824548393>] TypeError: Cannot read property 'type' of undefined\n    at Object.DBS.callNextAction (C:\\Users\\Michael\\Documents\\monke\\BotFiles\\bot.js:127:20)\n    at Object.module.exports.Message_Handle (C:\\Users\\Michael\\Documents\\monke\\BotFiles\\Handlers\\Message.js:33:9)","service":"user-service"}
{"level":"error","message":"Loading mods: Error: ENOENT: no such file or directory, scandir 'C:\\Users\\Michael\\Documents\\monke\\BotFiles\\mods'","service":"user-service"}
{"level":"error","message":"Call next action: [ick <@!728286026824548393>] TypeError: Cannot read property 'type' of undefined\n    at Object.DBS.callNextAction (C:\\Users\\Michael\\Documents\\monke\\BotFiles\\bot.js:127:20)\n    at Object.module.exports.Message_Handle (C:\\Users\\Michael\\Documents\\monke\\BotFiles\\Handlers\\Message.js:33:9)","service":"user-service"}
{"level":"error","message":"Loading mods: Error: ENOENT: no such file or directory, scandir 'C:\\Users\\Michael\\Documents\\monke\\BotFiles\\mods'","service":"user-service"}
{"level":"error","message":"Call next action: [ick <@!728286026824548393>] TypeError: Cannot read property 'type' of undefined\n    at Object.DBS.callNextAction (C:\\Users\\Michael\\Documents\\monke\\BotFiles\\bot.js:127:20)\n    at Object.module.exports.Message_Handle (C:\\Users\\Michael\\Documents\\monke\\BotFiles\\Handlers\\Message.js:33:9)","service":"user-service"}
{"level":"error","message":"Loading mods: Error: ENOENT: no such file or directory, scandir 'C:\\Users\\Michael\\Documents\\monke\\BotFiles\\mods'","service":"user-service"}
{"level":"error","message":"Call next action: [ick <@!728286026824548393>] TypeError: Cannot read property 'type' of undefined\n    at Object.DBS.callNextAction (C:\\Users\\Michael\\Documents\\monke\\BotFiles\\bot.js:127:20)\n    at Object.module.exports.Message_Handle (C:\\Users\\Michael\\Documents\\monke\\BotFiles\\Handlers\\Message.js:33:9)","service":"user-service"}
{"level":"error","message":"Loading mods: Error: ENOENT: no such file or directory, scandir 'C:\\Users\\Michael\\Documents\\monke\\BotFiles\\mods'","service":"user-service"}
{"level":"error","message":"Loading mods: Error: ENOENT: no such file or directory, scandir 'C:\\Users\\Michael\\Documents\\monke\\BotFiles\\mods'","service":"user-service"}
{"level":"error","message":"Call next action: [ick Faruk] TypeError: Cannot read property 'type' of undefined\n    at Object.DBS.callNextAction (C:\\Users\\Michael\\Documents\\monke\\BotFiles\\bot.js:127:20)\n    at Object.module.exports.Message_Handle (C:\\Users\\Michael\\Documents\\monke\\BotFiles\\Handlers\\Message.js:33:9)","service":"user-service"}
{"level":"error","message":"Call next action: [ick <@!728286026824548393>] TypeError: Cannot read property 'type' of undefined\n    at Object.DBS.callNextAction (C:\\Users\\Michael\\Documents\\monke\\BotFiles\\bot.js:127:20)\n    at Object.module.exports.Message_Handle (C:\\Users\\Michael\\Documents\\monke\\BotFiles\\Handlers\\Message.js:33:9)","service":"user-service"}
{"level":"error","message":"Loading mods: Error: ENOENT: no such file or directory, scandir 'C:\\Users\\Michael\\Documents\\monke\\BotFiles\\mods'","service":"user-service"}
{"level":"error","message":"Call next action: [ick <@!728286026824548393>] TypeError: Cannot read property 'type' of undefined\n    at Object.DBS.callNextAction (C:\\Users\\Michael\\Documents\\monke\\BotFiles\\bot.js:127:20)\n    at Object.module.exports.Message_Handle (C:\\Users\\Michael\\Documents\\monke\\BotFiles\\Handlers\\Message.js:33:9)","service":"user-service"}
{"level":"error","message":"Loading mods: Error: ENOENT: no such file or directory, scandir 'C:\\Users\\Michael\\Documents\\monke\\BotFiles\\mods'","service":"user-service"}
{"level":"error","message":"Call next action: [ick <@!728286026824548393>] TypeError: Cannot read property 'type' of undefined\n    at Object.DBS.callNextAction (C:\\Users\\Michael\\Documents\\monke\\BotFiles\\bot.js:127:20)\n    at Object.module.exports.Message_Handle (C:\\Users\\Michael\\Documents\\monke\\BotFiles\\Handlers\\Message.js:33:9)","service":"user-service"}
{"level":"error","message":"Loading mods: Error: ENOENT: no such file or directory, scandir 'C:\\Users\\Michael\\Documents\\monke\\BotFiles\\mods'","service":"user-service"}
{"level":"error","message":"Call next action: [ick <@!728286026824548393>] TypeError: Cannot read property 'type' of undefined\n    at Object.DBS.callNextAction (C:\\Users\\Michael\\Documents\\monke\\BotFiles\\bot.js:127:20)\n    at Object.module.exports.Message_Handle (C:\\Users\\Michael\\Documents\\monke\\BotFiles\\Handlers\\Message.js:33:9)","service":"user-service"}
{"level":"error","message":"Call next action: [ick 728286026824548393] TypeError: Cannot read property 'type' of undefined\n    at Object.DBS.callNextAction (C:\\Users\\Michael\\Documents\\monke\\BotFiles\\bot.js:127:20)\n    at Object.module.exports.Message_Handle (C:\\Users\\Michael\\Documents\\monke\\BotFiles\\Handlers\\Message.js:33:9)","service":"user-service"}
{"level":"error","message":"Call next action: [ick ÖmerFaruk\n#7548] TypeError: Cannot read property 'type' of undefined\n    at Object.DBS.callNextAction (C:\\Users\\Michael\\Documents\\monke\\BotFiles\\bot.js:127:20)\n    at Object.module.exports.Message_Handle (C:\\Users\\Michael\\Documents\\monke\\BotFiles\\Handlers\\Message.js:33:9)","service":"user-service"}
{"level":"error","message":"Loading mods: Error: ENOENT: no such file or directory, scandir 'C:\\Users\\Michael\\Documents\\monke\\BotFiles\\mods'","service":"user-service"}
{"level":"error","message":"Call next action: [ick <@!728286026824548393>] TypeError: Cannot read property 'type' of undefined\n    at Object.DBS.callNextAction (C:\\Users\\Michael\\Documents\\monke\\BotFiles\\bot.js:127:20)\n    at Object.module.exports.Message_Handle (C:\\Users\\Michael\\Documents\\monke\\BotFiles\\Handlers\\Message.js:33:9)","service":"user-service"}
{"level":"error","message":"Call next action: [ick @757232449246986372] TypeError: Cannot read property 'type' of undefined\n    at Object.DBS.callNextAction (C:\\Users\\Michael\\Documents\\monke\\BotFiles\\bot.js:127:20)\n    at Object.module.exports.Message_Handle (C:\\Users\\Michael\\Documents\\monke\\BotFiles\\Handlers\\Message.js:33:9)","service":"user-service"}
{"level":"error","message":"Call next action: [ick <@!757232449246986372>] TypeError: Cannot read property 'type' of undefined\n    at Object.DBS.callNextAction (C:\\Users\\Michael\\Documents\\monke\\BotFiles\\bot.js:127:20)\n    at Object.module.exports.Message_Handle (C:\\Users\\Michael\\Documents\\monke\\BotFiles\\Handlers\\Message.js:33:9)","service":"user-service"}
{"level":"error","message":"Loading mods: Error: ENOENT: no such file or directory, scandir 'C:\\Users\\Michael\\Documents\\monke\\BotFiles\\mods'","service":"user-service"}
{"level":"error","message":"Call next action: [ck <@!728286026824548393>] TypeError: Cannot read property 'type' of undefined\n    at Object.DBS.callNextAction (C:\\Users\\Michael\\Documents\\monke\\BotFiles\\bot.js:127:20)\n    at Object.module.exports.Message_Handle (C:\\Users\\Michael\\Documents\\monke\\BotFiles\\Handlers\\Message.js:33:9)","service":"user-service"}
{"level":"error","message":"Loading mods: Error: ENOENT: no such file or directory, scandir 'C:\\Users\\Michael\\Documents\\monke\\BotFiles\\mods'","service":"user-service"}
{"level":"error","message":"Call next action: [ick <@!728286026824548393>] TypeError: Cannot read property 'type' of undefined\n    at Object.DBS.callNextAction (C:\\Users\\Michael\\Documents\\monke\\BotFiles\\bot.js:127:20)\n    at Object.module.exports.Message_Handle (C:\\Users\\Michael\\Documents\\monke\\BotFiles\\Handlers\\Message.js:33:9)","service":"user-service"}
{"level":"error","message":"Loading mods: Error: ENOENT: no such file or directory, scandir 'C:\\Users\\Michael\\Documents\\monke\\BotFiles\\mods'","service":"user-service"}
{"level":"error","message":"Bot login: FetchError: request to https://discord.com/api/v7/gateway/bot failed, reason: getaddrinfo ENOTFOUND discord.com","service":"user-service"}
{"level":"error","message":"Loading mods: Error: ENOENT: no such file or directory, scandir 'C:\\Users\\Michael\\Documents\\monke\\BotFiles\\mods'","service":"user-service"}
{"level":"error","message":"Call next action: [ick <@!728286026824548393>] TypeError: Cannot read property 'type' of undefined\n    at Object.DBS.callNextAction (C:\\Users\\Michael\\Documents\\monke\\BotFiles\\bot.js:127:20)\n    at Object.module.exports.Message_Handle (C:\\Users\\Michael\\Documents\\monke\\BotFiles\\Handlers\\Message.js:33:9)","service":"user-service"}
{"level":"error","message":"Loading mods: Error: ENOENT: no such file or directory, scandir 'C:\\Users\\Michael\\Documents\\monke\\BotFiles\\mods'","service":"user-service"}
{"level":"error","message":"Call next action: [ick <@!728286026824548393>] TypeError: Cannot read property 'type' of undefined\n    at Object.DBS.callNextAction (C:\\Users\\Michael\\Documents\\monke\\BotFiles\\bot.js:127:20)\n    at Object.module.exports.Message_Handle (C:\\Users\\Michael\\Documents\\monke\\BotFiles\\Handlers\\Message.js:33:9)","service":"user-service"}
{"level":"error","message":"Call next action: [ick <@!437808476106784770>] TypeError: Cannot read property 'type' of undefined\n    at Object.DBS.callNextAction (C:\\Users\\Michael\\Documents\\monke\\BotFiles\\bot.js:127:20)\n    at Object.module.exports.Message_Handle (C:\\Users\\Michael\\Documents\\monke\\BotFiles\\Handlers\\Message.js:33:9)","service":"user-service"}
{"level":"error","message":"Loading mods: Error: ENOENT: no such file or directory, scandir 'C:\\Users\\Michael\\Documents\\monke\\BotFiles\\mods'","service":"user-service"}
{"level":"error","message":"Call next action: [ick <@!728286026824548393>] TypeError: Cannot read property 'type' of undefined\n    at Object.DBS.callNextAction (C:\\Users\\Michael\\Documents\\monke\\BotFiles\\bot.js:127:20)\n    at Object.module.exports.Message_Handle (C:\\Users\\Michael\\Documents\\monke\\BotFiles\\Handlers\\Message.js:33:9)","service":"user-service"}
{"level":"error","message":"Loading mods: Error: ENOENT: no such file or directory, scandir 'C:\\Users\\Michael\\Documents\\monke\\BotFiles\\mods'","service":"user-service"}
{"level":"error","message":"Loading mods: Error: ENOENT: no such file or directory, scandir 'C:\\Users\\Michael\\Documents\\monke\\BotFiles\\mods'","service":"user-service"}
{"level":"error","message":"Call next action: [status] TypeError: Cannot read property 'type' of undefined\n    at Object.DBS.callNextAction (C:\\Users\\Michael\\Documents\\monke\\BotFiles\\bot.js:127:20)\n    at Object.module.exports.Message_Handle (C:\\Users\\Michael\\Documents\\monke\\BotFiles\\Handlers\\Message.js:33:9)","service":"user-service"}
{"level":"error","message":"Loading mods: Error: ENOENT: no such file or directory, scandir 'C:\\Users\\Michael\\Documents\\monke\\BotFiles\\mods'","service":"user-service"}
{"level":"error","message":"Loading mods: Error: ENOENT: no such file or directory, scandir 'C:\\Users\\Michael\\Documents\\monke\\BotFiles\\mods'","service":"user-service"}
{"level":"error","message":"Call next action: [te <@!631117170306449428>] TypeError: Cannot read property 'type' of undefined\n    at Object.DBS.callNextAction (C:\\Users\\Michael\\Documents\\monke\\BotFiles\\bot.js:127:20)\n    at Object.module.exports.Message_Handle (C:\\Users\\Michael\\Documents\\monke\\BotFiles\\Handlers\\Message.js:33:9)\n    at processTicksAndRejections (internal/process/task_queues.js:93:5)","service":"user-service"}
{"level":"error","message":"Loading mods: Error: ENOENT: no such file or directory, scandir 'C:\\Users\\Michael\\Documents\\monke\\BotFiles\\mods'","service":"user-service"}
{"level":"error","message":"Loading mods: Error: ENOENT: no such file or directory, scandir 'C:\\Users\\Michael\\Documents\\monke\\BotFiles\\mods'","service":"user-service"}
{"level":"error","message":"Loading mods: Error: ENOENT: no such file or directory, scandir 'C:\\Users\\Michael\\Documents\\monke\\BotFiles\\mods'","service":"user-service"}
{"level":"error","message":"Call next action: [te <@!631117170306449428>] TypeError: Cannot read property 'type' of undefined\n    at Object.DBS.callNextAction (C:\\Users\\Michael\\Documents\\monke\\BotFiles\\bot.js:127:20)\n    at Object.module.exports.Message_Handle (C:\\Users\\Michael\\Documents\\monke\\BotFiles\\Handlers\\Message.js:33:9)\n    at processTicksAndRejections (internal/process/task_queues.js:93:5)","service":"user-service"}
{"level":"error","message":"Call next action: [nmute <@!631117170306449428>] TypeError: Cannot read property 'type' of undefined\n    at Object.DBS.callNextAction (C:\\Users\\Michael\\Documents\\monke\\BotFiles\\bot.js:127:20)\n    at Object.module.exports.Message_Handle (C:\\Users\\Michael\\Documents\\monke\\BotFiles\\Handlers\\Message.js:33:9)","service":"user-service"}
{"level":"error","message":"Call next action: [te <@!631117170306449428>] TypeError: Cannot read property 'type' of undefined\n    at Object.DBS.callNextAction (C:\\Users\\Michael\\Documents\\monke\\BotFiles\\bot.js:127:20)\n    at Object.module.exports.Message_Handle (C:\\Users\\Michael\\Documents\\monke\\BotFiles\\Handlers\\Message.js:33:9)\n    at processTicksAndRejections (internal/process/task_queues.js:93:5)","service":"user-service"}
{"level":"error","message":"Call next action: [nmute <@!631117170306449428>] TypeError: Cannot read property 'type' of undefined\n    at Object.DBS.callNextAction (C:\\Users\\Michael\\Documents\\monke\\BotFiles\\bot.js:127:20)\n    at Object.module.exports.Message_Handle (C:\\Users\\Michael\\Documents\\monke\\BotFiles\\Handlers\\Message.js:33:9)","service":"user-service"}
{"level":"error","message":"Loading mods: Error: ENOENT: no such file or directory, scandir 'C:\\Users\\Michael\\Documents\\monke\\BotFiles\\mods'","service":"user-service"}
{"level":"error","message":"Call next action: [mutesetup] TypeError: Cannot read property 'type' of undefined\n    at Object.DBS.callNextAction (C:\\Users\\Michael\\Documents\\monke\\BotFiles\\bot.js:127:20)\n    at Object.module.exports.Message_Handle (C:\\Users\\Michael\\Documents\\monke\\BotFiles\\Handlers\\Message.js:33:9)\n    at processTicksAndRejections (internal/process/task_queues.js:93:5)","service":"user-service"}
{"level":"error","message":"Loading mods: Error: ENOENT: no such file or directory, scandir 'C:\\Users\\Michael\\Documents\\monke\\BotFiles\\mods'","service":"user-service"}
{"level":"error","message":"Call next action: [utesetup] TypeError: Cannot read property 'type' of undefined\n    at Object.DBS.callNextAction (C:\\Users\\Michael\\Documents\\monke\\BotFiles\\bot.js:127:20)\n    at Object.module.exports.Message_Handle (C:\\Users\\Michael\\Documents\\monke\\BotFiles\\Handlers\\Message.js:33:9)\n    at processTicksAndRejections (internal/process/task_queues.js:93:5)","service":"user-service"}
{"level":"error","message":"Loading mods: Error: ENOENT: no such file or directory, scandir 'C:\\Users\\Michael\\Documents\\monke\\BotFiles\\mods'","service":"user-service"}
{"level":"error","message":"Call next action: [arn <@!631117170306449428>] TypeError: Cannot read property 'type' of undefined\n    at Object.DBS.callNextAction (C:\\Users\\Michael\\Documents\\monke\\BotFiles\\bot.js:127:20)\n    at Object.module.exports.Message_Handle (C:\\Users\\Michael\\Documents\\monke\\BotFiles\\Handlers\\Message.js:33:9)","service":"user-service"}
{"level":"error","message":"Call next action: [infractions <@!631117170306449428>] TypeError: Cannot read property 'type' of undefined\n    at Object.DBS.callNextAction (C:\\Users\\Michael\\Documents\\monke\\BotFiles\\bot.js:127:20)\n    at Object.module.exports.Message_Handle (C:\\Users\\Michael\\Documents\\monke\\BotFiles\\Handlers\\Message.js:33:9)","service":"user-service"}
{"level":"error","message":"Loading mods: Error: ENOENT: no such file or directory, scandir 'C:\\Users\\Michael\\Documents\\monke\\BotFiles\\mods'","service":"user-service"}
{"level":"error","message":"Loading mods: Error: ENOENT: no such file or directory, scandir 'C:\\Users\\Michael\\Documents\\monke\\BotFiles\\mods'","service":"user-service"}
{"level":"error","message":"Call next action: [n <@!631117170306449428>] TypeError: Cannot read property 'type' of undefined\n    at Object.DBS.callNextAction (C:\\Users\\Michael\\Documents\\monke\\BotFiles\\bot.js:127:20)\n    at Object.module.exports.Message_Handle (C:\\Users\\Michael\\Documents\\monke\\BotFiles\\Handlers\\Message.js:33:9)\n    at processTicksAndRejections (internal/process/task_queues.js:93:5)","service":"user-service"}
{"level":"error","message":"Call next action: [nfractions <@!631117170306449428>] TypeError: Cannot read property 'type' of undefined\n    at Object.DBS.callNextAction (C:\\Users\\Michael\\Documents\\monke\\BotFiles\\bot.js:127:20)\n    at Object.module.exports.Message_Handle (C:\\Users\\Michael\\Documents\\monke\\BotFiles\\Handlers\\Message.js:33:9)\n    at processTicksAndRejections (internal/process/task_queues.js:93:5)","service":"user-service"}
{"level":"error","message":"Loading mods: Error: ENOENT: no such file or directory, scandir 'C:\\Users\\Michael\\Documents\\monke\\BotFiles\\mods'","service":"user-service"}
{"level":"error","message":"Loading mods: Error: ENOENT: no such file or directory, scandir 'C:\\Users\\Michael\\Documents\\monke\\BotFiles\\mods'","service":"user-service"}
{"level":"error","message":"Call next action: [n <@!631117170306449428>] TypeError: Cannot read property 'type' of undefined\n    at Object.DBS.callNextAction (C:\\Users\\Michael\\Documents\\monke\\BotFiles\\bot.js:127:20)\n    at Object.module.exports.Message_Handle (C:\\Users\\Michael\\Documents\\monke\\BotFiles\\Handlers\\Message.js:33:9)\n    at processTicksAndRejections (internal/process/task_queues.js:93:5)","service":"user-service"}
{"level":"error","message":"Loading mods: Error: ENOENT: no such file or directory, scandir 'C:\\Users\\Michael\\Documents\\monke\\BotFiles\\mods'","service":"user-service"}
{"level":"error","message":"Loading mods: Error: ENOENT: no such file or directory, scandir 'C:\\Users\\Michael\\Documents\\monke\\BotFiles\\mods'","service":"user-service"}
{"level":"error","message":"Loading mods: Error: ENOENT: no such file or directory, scandir 'C:\\Users\\Michael\\Documents\\monke\\BotFiles\\mods'","service":"user-service"}
{"level":"error","message":"Call next action: [rn <@!631117170306449428>] TypeError: Cannot read property 'type' of undefined\n    at Object.DBS.callNextAction (C:\\Users\\Michael\\Documents\\monke\\BotFiles\\bot.js:127:20)\n    at Object.module.exports.Message_Handle (C:\\Users\\Michael\\Documents\\monke\\BotFiles\\Handlers\\Message.js:33:9)\n    at processTicksAndRejections (internal/process/task_queues.js:93:5)","service":"user-service"}
{"level":"error","message":"Call next action: [nfractions <@!631117170306449428>] TypeError: Cannot read property 'type' of undefined\n    at Object.DBS.callNextAction (C:\\Users\\Michael\\Documents\\monke\\BotFiles\\bot.js:127:20)\n    at Object.module.exports.Message_Handle (C:\\Users\\Michael\\Documents\\monke\\BotFiles\\Handlers\\Message.js:33:9)\n    at processTicksAndRejections (internal/process/task_queues.js:93:5)","service":"user-service"}
{"level":"error","message":"Call next action: [rn <@!631117170306449428>] TypeError: Cannot read property 'type' of undefined\n    at Object.DBS.callNextAction (C:\\Users\\Michael\\Documents\\monke\\BotFiles\\bot.js:127:20)\n    at Object.module.exports.Message_Handle (C:\\Users\\Michael\\Documents\\monke\\BotFiles\\Handlers\\Message.js:33:9)\n    at processTicksAndRejections (internal/process/task_queues.js:93:5)","service":"user-service"}
{"level":"error","message":"Call next action: [nfractions <@!631117170306449428>] TypeError: Cannot read property 'type' of undefined\n    at Object.DBS.callNextAction (C:\\Users\\Michael\\Documents\\monke\\BotFiles\\bot.js:127:20)\n    at Object.module.exports.Message_Handle (C:\\Users\\Michael\\Documents\\monke\\BotFiles\\Handlers\\Message.js:33:9)\n    at processTicksAndRejections (internal/process/task_queues.js:93:5)","service":"user-service"}
{"level":"error","message":"Call next action: [help] TypeError: Cannot read property 'type' of undefined\n    at Object.DBS.callNextAction (C:\\Users\\Michael\\Documents\\monke\\BotFiles\\bot.js:127:20)\n    at Object.module.exports.Message_Handle (C:\\Users\\Michael\\Documents\\monke\\BotFiles\\Handlers\\Message.js:33:9)\n    at processTicksAndRejections (internal/process/task_queues.js:93:5)","service":"user-service"}
{"level":"error","message":"Loading mods: Error: ENOENT: no such file or directory, scandir 'C:\\Users\\Michael\\Documents\\monke\\BotFiles\\mods'","service":"user-service"}
{"level":"error","message":"Call next action: [an <@!757232449246986372>] TypeError: Cannot read property 'type' of undefined\n    at Object.DBS.callNextAction (C:\\Users\\Michael\\Documents\\monke\\BotFiles\\bot.js:127:20)\n    at Object.module.exports.Message_Handle (C:\\Users\\Michael\\Documents\\monke\\BotFiles\\Handlers\\Message.js:33:9)","service":"user-service"}
{"level":"error","message":"Loading mods: Error: ENOENT: no such file or directory, scandir 'C:\\Users\\Michael\\Documents\\monke\\BotFiles\\mods'","service":"user-service"}
{"level":"error","message":"Call next action: [n @tommy] TypeError: Cannot read property 'type' of undefined\n    at Object.DBS.callNextAction (C:\\Users\\Michael\\Documents\\monke\\BotFiles\\bot.js:127:20)\n    at Object.module.exports.Message_Handle (C:\\Users\\Michael\\Documents\\monke\\BotFiles\\Handlers\\Message.js:33:9)\n    at processTicksAndRejections (internal/process/task_queues.js:93:5)","service":"user-service"}
{"level":"error","message":"Call next action: [n @tommy] TypeError: Cannot read property 'type' of undefined\n    at Object.DBS.callNextAction (C:\\Users\\Michael\\Documents\\monke\\BotFiles\\bot.js:127:20)\n    at Object.module.exports.Message_Handle (C:\\Users\\Michael\\Documents\\monke\\BotFiles\\Handlers\\Message.js:33:9)\n    at processTicksAndRejections (internal/process/task_queues.js:93:5)","service":"user-service"}
{"level":"error","message":"Loading mods: Error: ENOENT: no such file or directory, scandir 'C:\\Users\\Michael\\Documents\\monke\\BotFiles\\mods'","service":"user-service"}
{"level":"error","message":"Call next action: [cap] TypeError: Cannot read property 'type' of undefined\n    at Object.DBS.callNextAction (C:\\Users\\Michael\\Documents\\monke\\BotFiles\\bot.js:127:20)\n    at Object.module.exports.Message_Handle (C:\\Users\\Michael\\Documents\\monke\\BotFiles\\Handlers\\Message.js:33:9)\n    at processTicksAndRejections (internal/process/task_queues.js:93:5)","service":"user-service"}
{"level":"error","message":"Loading mods: Error: ENOENT: no such file or directory, scandir 'C:\\Users\\Michael\\Documents\\monke\\BotFiles\\mods'","service":"user-service"}
{"level":"error","message":"Call next action: [etup] TypeError: Cannot read property 'type' of undefined\n    at Object.DBS.callNextAction (C:\\Users\\Michael\\Documents\\monke\\BotFiles\\bot.js:127:20)\n    at Object.module.exports.Message_Handle (C:\\Users\\Michael\\Documents\\monke\\BotFiles\\Handlers\\Message.js:33:9)\n    at processTicksAndRejections (internal/process/task_queues.js:93:5)","service":"user-service"}
{"level":"error","message":"Loading mods: Error: ENOENT: no such file or directory, scandir 'C:\\Users\\Michael\\Documents\\monke\\BotFiles\\mods'","service":"user-service"}
{"level":"error","message":"Call next action: [n <@!707604709409685544>] TypeError: Cannot read property 'type' of undefined\n    at Object.DBS.callNextAction (C:\\Users\\Michael\\Documents\\monke\\BotFiles\\bot.js:127:20)\n    at Object.module.exports.Message_Handle (C:\\Users\\Michael\\Documents\\monke\\BotFiles\\Handlers\\Message.js:33:9)\n    at processTicksAndRejections (internal/process/task_queues.js:93:5)","service":"user-service"}
{"level":"error","message":"Loading mods: Error: ENOENT: no such file or directory, scandir 'C:\\Users\\Michael\\Documents\\monke\\BotFiles\\mods'","service":"user-service"}
{"level":"error","message":"Loading mods: Error: ENOENT: no such file or directory, scandir 'C:\\Users\\Michael\\Documents\\monke\\BotFiles\\mods'","service":"user-service"}
{"level":"error","message":"Call next action: [ice] TypeError: Cannot read property 'type' of undefined\n    at Object.DBS.callNextAction (C:\\Users\\Michael\\Documents\\monke\\BotFiles\\bot.js:127:20)\n    at Object.module.exports.Message_Handle (C:\\Users\\Michael\\Documents\\monke\\BotFiles\\Handlers\\Message.js:33:9)\n    at processTicksAndRejections (internal/process/task_queues.js:93:5)","service":"user-service"}
{"level":"error","message":"Call next action: [ice] TypeError: Cannot read property 'type' of undefined\n    at Object.DBS.callNextAction (C:\\Users\\Michael\\Documents\\monke\\BotFiles\\bot.js:127:20)\n    at Object.module.exports.Message_Handle (C:\\Users\\Michael\\Documents\\monke\\BotFiles\\Handlers\\Message.js:33:9)\n    at processTicksAndRejections (internal/process/task_queues.js:93:5)","service":"user-service"}
{"level":"error","message":"Call next action: [ice] TypeError: Cannot read property 'type' of undefined\n    at Object.DBS.callNextAction (C:\\Users\\Michael\\Documents\\monke\\BotFiles\\bot.js:127:20)\n    at Object.module.exports.Message_Handle (C:\\Users\\Michael\\Documents\\monke\\BotFiles\\Handlers\\Message.js:33:9)\n    at processTicksAndRejections (internal/process/task_queues.js:93:5)","service":"user-service"}
{"level":"error","message":"Loading mods: Error: ENOENT: no such file or directory, scandir 'C:\\Users\\Michael\\Documents\\monke\\BotFiles\\mods'","service":"user-service"}
{"level":"error","message":"Call next action: [ice] TypeError: Cannot read property 'type' of undefined\n    at Object.DBS.callNextAction (C:\\Users\\Michael\\Documents\\monke\\BotFiles\\bot.js:127:20)\n    at Object.module.exports.Message_Handle (C:\\Users\\Michael\\Documents\\monke\\BotFiles\\Handlers\\Message.js:33:9)\n    at processTicksAndRejections (internal/process/task_queues.js:93:5)","service":"user-service"}
{"level":"error","message":"Loading mods: Error: ENOENT: no such file or directory, scandir 'C:\\Users\\Michael\\Documents\\monke\\BotFiles\\mods'","service":"user-service"}
{"level":"error","message":"Call next action: [puppy] TypeError: Cannot read property 'type' of undefined\n    at Object.DBS.callNextAction (C:\\Users\\Michael\\Documents\\monke\\BotFiles\\bot.js:127:20)\n    at Object.module.exports.Message_Handle (C:\\Users\\Michael\\Documents\\monke\\BotFiles\\Handlers\\Message.js:33:9)\n    at processTicksAndRejections (internal/process/task_queues.js:93:5)","service":"user-service"}
{"level":"error","message":"Loading mods: Error: ENOENT: no such file or directory, scandir 'C:\\Users\\Michael\\Documents\\monke\\BotFiles\\mods'","service":"user-service"}
{"level":"error","message":"Call next action: [puppy] TypeError: Cannot read property 'type' of undefined\n    at Object.DBS.callNextAction (C:\\Users\\Michael\\Documents\\monke\\BotFiles\\bot.js:127:20)\n    at Object.module.exports.Message_Handle (C:\\Users\\Michael\\Documents\\monke\\BotFiles\\Handlers\\Message.js:33:9)\n    at processTicksAndRejections (internal/process/task_queues.js:93:5)","service":"user-service"}
{"level":"error","message":"Loading mods: Error: ENOENT: no such file or directory, scandir 'C:\\Users\\Michael\\Documents\\monke\\BotFiles\\mods'","service":"user-service"}
{"level":"error","message":"Call next action: [monke] TypeError: Cannot read property 'type' of undefined\n    at Object.DBS.callNextAction (C:\\Users\\Michael\\Documents\\monke\\BotFiles\\bot.js:127:20)\n    at Object.module.exports.Message_Handle (C:\\Users\\Michael\\Documents\\monke\\BotFiles\\Handlers\\Message.js:33:9)\n    at processTicksAndRejections (internal/process/task_queues.js:93:5)","service":"user-service"}
{"level":"error","message":"Call next action: [monke] TypeError: Cannot read property 'type' of undefined\n    at Object.DBS.callNextAction (C:\\Users\\Michael\\Documents\\monke\\BotFiles\\bot.js:127:20)\n    at Object.module.exports.Message_Handle (C:\\Users\\Michael\\Documents\\monke\\BotFiles\\Handlers\\Message.js:33:9)\n    at processTicksAndRejections (internal/process/task_queues.js:93:5)","service":"user-service"}
{"level":"error","message":"Loading mods: Error: ENOENT: no such file or directory, scandir 'C:\\Users\\Michael\\Documents\\monke\\BotFiles\\mods'","service":"user-service"}
{"level":"error","message":"Loading mods: Error: ENOENT: no such file or directory, scandir 'C:\\Users\\Michael\\Documents\\monke\\BotFiles\\mods'","service":"user-service"}
{"level":"error","message":"Call next action: [meme] TypeError: Cannot read property 'type' of undefined\n    at Object.DBS.callNextAction (C:\\Users\\Michael\\Documents\\monke\\BotFiles\\bot.js:127:20)\n    at Object.module.exports.Message_Handle (C:\\Users\\Michael\\Documents\\monke\\BotFiles\\Handlers\\Message.js:33:9)\n    at processTicksAndRejections (internal/process/task_queues.js:93:5)","service":"user-service"}
{"level":"error","message":"Loading mods: Error: ENOENT: no such file or directory, scandir 'C:\\Users\\Michael\\Documents\\monke\\BotFiles\\mods'","service":"user-service"}
{"level":"error","message":"Call next action: [help] TypeError: Cannot read property 'type' of undefined\n    at Object.DBS.callNextAction (C:\\Users\\Michael\\Documents\\monke\\BotFiles\\bot.js:127:20)\n    at Object.module.exports.Message_Handle (C:\\Users\\Michael\\Documents\\monke\\BotFiles\\Handlers\\Message.js:33:9)\n    at processTicksAndRejections (internal/process/task_queues.js:93:5)","service":"user-service"}
{"level":"error","message":"Call next action: [helpmods] TypeError: Cannot read property 'type' of undefined\n    at Object.DBS.callNextAction (C:\\Users\\Michael\\Documents\\monke\\BotFiles\\bot.js:127:20)\n    at Object.module.exports.Message_Handle (C:\\Users\\Michael\\Documents\\monke\\BotFiles\\Handlers\\Message.js:33:9)\n    at processTicksAndRejections (internal/process/task_queues.js:93:5)","service":"user-service"}
{"level":"error","message":"Call next action: [helpfun] TypeError: Cannot read property 'type' of undefined\n    at Object.DBS.callNextAction (C:\\Users\\Michael\\Documents\\monke\\BotFiles\\bot.js:127:20)\n    at Object.module.exports.Message_Handle (C:\\Users\\Michael\\Documents\\monke\\BotFiles\\Handlers\\Message.js:33:9)\n    at processTicksAndRejections (internal/process/task_queues.js:93:5)","service":"user-service"}
{"level":"error","message":"Call next action: [bruh] TypeError: Cannot read property 'type' of undefined\n    at Object.DBS.callNextAction (C:\\Users\\Michael\\Documents\\monke\\BotFiles\\bot.js:127:20)\n    at Object.module.exports.Message_Handle (C:\\Users\\Michael\\Documents\\monke\\BotFiles\\Handlers\\Message.js:33:9)\n    at processTicksAndRejections (internal/process/task_queues.js:93:5)","service":"user-service"}
{"level":"error","message":"Call next action: [cap] TypeError: Cannot read property 'type' of undefined\n    at Object.DBS.callNextAction (C:\\Users\\Michael\\Documents\\monke\\BotFiles\\bot.js:127:20)\n    at Object.module.exports.Message_Handle (C:\\Users\\Michael\\Documents\\monke\\BotFiles\\Handlers\\Message.js:33:9)\n    at processTicksAndRejections (internal/process/task_queues.js:93:5)","service":"user-service"}
{"level":"error","message":"Call next action: [bruh] TypeError: Cannot read property 'type' of undefined\n    at Object.DBS.callNextAction (C:\\Users\\Michael\\Documents\\monke\\BotFiles\\bot.js:127:20)\n    at Object.module.exports.Message_Handle (C:\\Users\\Michael\\Documents\\monke\\BotFiles\\Handlers\\Message.js:33:9)\n    at processTicksAndRejections (internal/process/task_queues.js:93:5)","service":"user-service"}
{"level":"error","message":"Loading mods: Error: ENOENT: no such file or directory, scandir 'C:\\Users\\Michael\\Documents\\monke\\BotFiles\\mods'","service":"user-service"}
{"level":"error","message":"Loading mods: Error: ENOENT: no such file or directory, scandir 'C:\\Users\\Michael\\Documents\\monke\\BotFiles\\mods'","service":"user-service"}
{"level":"error","message":"Loading mods: Error: ENOENT: no such file or directory, scandir 'C:\\Users\\Michael\\Documents\\monke\\BotFiles\\mods'","service":"user-service"}
{"level":"error","message":"Call next action: [bruh] TypeError: Cannot read property 'type' of undefined\n    at Object.DBS.callNextAction (C:\\Users\\Michael\\Documents\\monke\\BotFiles\\bot.js:127:20)\n    at Object.module.exports.Message_Handle (C:\\Users\\Michael\\Documents\\monke\\BotFiles\\Handlers\\Message.js:33:9)\n    at processTicksAndRejections (internal/process/task_queues.js:93:5)","service":"user-service"}
{"level":"error","message":"Loading mods: Error: ENOENT: no such file or directory, scandir 'C:\\Users\\Michael\\Documents\\monke\\BotFiles\\mods'","service":"user-service"}
{"level":"error","message":"Call next action: [bruh] TypeError: Cannot read property 'type' of undefined\n    at Object.DBS.callNextAction (C:\\Users\\Michael\\Documents\\monke\\BotFiles\\bot.js:127:20)\n    at Object.module.exports.Message_Handle (C:\\Users\\Michael\\Documents\\monke\\BotFiles\\Handlers\\Message.js:33:9)\n    at processTicksAndRejections (internal/process/task_queues.js:93:5)","service":"user-service"}
{"level":"error","message":"Loading mods: Error: ENOENT: no such file or directory, scandir 'C:\\Users\\Michael\\Documents\\monke\\BotFiles\\mods'","service":"user-service"}
{"level":"error","message":"Call next action: [bruh] TypeError: Cannot read property 'type' of undefined\n    at Object.DBS.callNextAction (C:\\Users\\Michael\\Documents\\monke\\BotFiles\\bot.js:127:20)\n    at Object.module.exports.Message_Handle (C:\\Users\\Michael\\Documents\\monke\\BotFiles\\Handlers\\Message.js:33:9)\n    at processTicksAndRejections (internal/process/task_queues.js:93:5)","service":"user-service"}
{"level":"error","message":"Loading mods: Error: ENOENT: no such file or directory, scandir 'C:\\Users\\Michael\\Documents\\monke\\BotFiles\\mods'","service":"user-service"}
{"level":"error","message":"Loading mods: Error: ENOENT: no such file or directory, scandir 'C:\\Users\\Michael\\Documents\\monke\\BotFiles\\mods'","service":"user-service"}
{"level":"error","message":"Loading mods: Error: ENOENT: no such file or directory, scandir 'C:\\Users\\Michael\\Documents\\monke\\BotFiles\\mods'","service":"user-service"}
{"level":"error","message":"Call next action: [bruh] TypeError: Cannot read property 'type' of undefined\n    at Object.DBS.callNextAction (C:\\Users\\Michael\\Documents\\monke\\BotFiles\\bot.js:127:20)\n    at Object.module.exports.Message_Handle (C:\\Users\\Michael\\Documents\\monke\\BotFiles\\Handlers\\Message.js:33:9)\n    at processTicksAndRejections (internal/process/task_queues.js:93:5)","service":"user-service"}
{"level":"error","message":"Loading mods: Error: ENOENT: no such file or directory, scandir 'C:\\Users\\Michael\\Documents\\monke\\BotFiles\\mods'","service":"user-service"}
{"level":"error","message":"Call next action: [cap] TypeError: Cannot read property 'type' of undefined\n    at Object.DBS.callNextAction (C:\\Users\\Michael\\Documents\\monke\\BotFiles\\bot.js:127:20)\n    at Object.module.exports.Message_Handle (C:\\Users\\Michael\\Documents\\monke\\BotFiles\\Handlers\\Message.js:33:9)\n    at processTicksAndRejections (internal/process/task_queues.js:93:5)","service":"user-service"}
{"level":"error","message":"Call next action: [cap] TypeError: Cannot read property 'type' of undefined\n    at Object.DBS.callNextAction (C:\\Users\\Michael\\Documents\\monke\\BotFiles\\bot.js:127:20)\n    at Object.module.exports.Message_Handle (C:\\Users\\Michael\\Documents\\monke\\BotFiles\\Handlers\\Message.js:33:9)\n    at processTicksAndRejections (internal/process/task_queues.js:93:5)","service":"user-service"}
{"level":"error","message":"Call next action: [cap] TypeError: Cannot read property 'type' of undefined\n    at Object.DBS.callNextAction (C:\\Users\\Michael\\Documents\\monke\\BotFiles\\bot.js:127:20)\n    at Object.module.exports.Message_Handle (C:\\Users\\Michael\\Documents\\monke\\BotFiles\\Handlers\\Message.js:33:9)\n    at processTicksAndRejections (internal/process/task_queues.js:93:5)","service":"user-service"}
{"level":"error","message":"Call next action: [cap] TypeError: Cannot read property 'type' of undefined\n    at Object.DBS.callNextAction (C:\\Users\\Michael\\Documents\\monke\\BotFiles\\bot.js:127:20)\n    at Object.module.exports.Message_Handle (C:\\Users\\Michael\\Documents\\monke\\BotFiles\\Handlers\\Message.js:33:9)\n    at processTicksAndRejections (internal/process/task_queues.js:93:5)","service":"user-service"}
{"level":"error","message":"Call next action: [help] TypeError: Cannot read property 'type' of undefined\n    at Object.DBS.callNextAction (C:\\Users\\Michael\\Documents\\monke\\BotFiles\\bot.js:127:20)\n    at Object.module.exports.Message_Handle (C:\\Users\\Michael\\Documents\\monke\\BotFiles\\Handlers\\Message.js:33:9)\n    at processTicksAndRejections (internal/process/task_queues.js:93:5)","service":"user-service"}
{"level":"error","message":"Call next action: [helpfun] TypeError: Cannot read property 'type' of undefined\n    at Object.DBS.callNextAction (C:\\Users\\Michael\\Documents\\monke\\BotFiles\\bot.js:127:20)\n    at Object.module.exports.Message_Handle (C:\\Users\\Michael\\Documents\\monke\\BotFiles\\Handlers\\Message.js:33:9)\n    at processTicksAndRejections (internal/process/task_queues.js:93:5)","service":"user-service"}
{"level":"error","message":"Call next action: [bruh] TypeError: Cannot read property 'type' of undefined\n    at Object.DBS.callNextAction (C:\\Users\\Michael\\Documents\\monke\\BotFiles\\bot.js:127:20)\n    at Object.module.exports.Message_Handle (C:\\Users\\Michael\\Documents\\monke\\BotFiles\\Handlers\\Message.js:33:9)\n    at processTicksAndRejections (internal/process/task_queues.js:93:5)","service":"user-service"}
{"level":"error","message":"Call next action: [cap] TypeError: Cannot read property 'type' of undefined\n    at Object.DBS.callNextAction (C:\\Users\\Michael\\Documents\\monke\\BotFiles\\bot.js:127:20)\n    at Object.module.exports.Message_Handle (C:\\Users\\Michael\\Documents\\monke\\BotFiles\\Handlers\\Message.js:33:9)\n    at processTicksAndRejections (internal/process/task_queues.js:93:5)","service":"user-service"}
{"level":"error","message":"Call next action: [rn <@!155149108183695360>] TypeError: Cannot read property 'type' of undefined\n    at Object.DBS.callNextAction (C:\\Users\\Michael\\Documents\\monke\\BotFiles\\bot.js:127:20)\n    at Object.module.exports.Message_Handle (C:\\Users\\Michael\\Documents\\monke\\BotFiles\\Handlers\\Message.js:33:9)\n    at processTicksAndRejections (internal/process/task_queues.js:93:5)","service":"user-service"}
{"level":"error","message":"Call next action: [bruh] TypeError: Cannot read property 'type' of undefined\n    at Object.DBS.callNextAction (C:\\Users\\Michael\\Documents\\monke\\BotFiles\\bot.js:127:20)\n    at Object.module.exports.Message_Handle (C:\\Users\\Michael\\Documents\\monke\\BotFiles\\Handlers\\Message.js:33:9)\n    at processTicksAndRejections (internal/process/task_queues.js:93:5)","service":"user-service"}
{"level":"error","message":"Call next action: [help] TypeError: Cannot read property 'type' of undefined\n    at Object.DBS.callNextAction (C:\\Users\\Michael\\Documents\\monke\\BotFiles\\bot.js:127:20)\n    at Object.module.exports.Message_Handle (C:\\Users\\Michael\\Documents\\monke\\BotFiles\\Handlers\\Message.js:33:9)\n    at processTicksAndRejections (internal/process/task_queues.js:93:5)","service":"user-service"}
{"level":"error","message":"Call next action: [helpfun] TypeError: Cannot read property 'type' of undefined\n    at Object.DBS.callNextAction (C:\\Users\\Michael\\Documents\\monke\\BotFiles\\bot.js:127:20)\n    at Object.module.exports.Message_Handle (C:\\Users\\Michael\\Documents\\monke\\BotFiles\\Handlers\\Message.js:33:9)\n    at processTicksAndRejections (internal/process/task_queues.js:93:5)","service":"user-service"}
{"level":"error","message":"Call next action: [ice] TypeError: Cannot read property 'type' of undefined\n    at Object.DBS.callNextAction (C:\\Users\\Michael\\Documents\\monke\\BotFiles\\bot.js:127:20)\n    at Object.module.exports.Message_Handle (C:\\Users\\Michael\\Documents\\monke\\BotFiles\\Handlers\\Message.js:33:9)\n    at processTicksAndRejections (internal/process/task_queues.js:93:5)","service":"user-service"}
{"level":"error","message":"Call next action: [cap] TypeError: Cannot read property 'type' of undefined\n    at Object.DBS.callNextAction (C:\\Users\\Michael\\Documents\\monke\\BotFiles\\bot.js:127:20)\n    at Object.module.exports.Message_Handle (C:\\Users\\Michael\\Documents\\monke\\BotFiles\\Handlers\\Message.js:33:9)\n    at processTicksAndRejections (internal/process/task_queues.js:93:5)","service":"user-service"}
{"level":"error","message":"Call next action: [monke] TypeError: Cannot read property 'type' of undefined\n    at Object.DBS.callNextAction (C:\\Users\\Michael\\Documents\\monke\\BotFiles\\bot.js:127:20)\n    at Object.module.exports.Message_Handle (C:\\Users\\Michael\\Documents\\monke\\BotFiles\\Handlers\\Message.js:33:9)\n    at processTicksAndRejections (internal/process/task_queues.js:93:5)","service":"user-service"}
{"level":"error","message":"Call next action: [ick] TypeError: Cannot read property 'type' of undefined\n    at Object.DBS.callNextAction (C:\\Users\\Michael\\Documents\\monke\\BotFiles\\bot.js:127:20)\n    at Object.module.exports.Message_Handle (C:\\Users\\Michael\\Documents\\monke\\BotFiles\\Handlers\\Message.js:33:9)","service":"user-service"}
{"level":"error","message":"Call next action: [k <@!631117170306449428>] TypeError: Cannot read property 'type' of undefined\n    at Object.DBS.callNextAction (C:\\Users\\Michael\\Documents\\monke\\BotFiles\\bot.js:127:20)\n    at Object.module.exports.Message_Handle (C:\\Users\\Michael\\Documents\\monke\\BotFiles\\Handlers\\Message.js:33:9)","service":"user-service"}
{"level":"error","message":"Call next action: [k <@!631117170306449428>] TypeError: Cannot read property 'type' of undefined\n    at Object.DBS.callNextAction (C:\\Users\\Michael\\Documents\\monke\\BotFiles\\bot.js:127:20)\n    at Object.module.exports.Message_Handle (C:\\Users\\Michael\\Documents\\monke\\BotFiles\\Handlers\\Message.js:33:9)","service":"user-service"}
{"level":"error","message":"Call next action: [ick] TypeError: Cannot read property 'type' of undefined\n    at Object.DBS.callNextAction (C:\\Users\\Michael\\Documents\\monke\\BotFiles\\bot.js:127:20)\n    at Object.module.exports.Message_Handle (C:\\Users\\Michael\\Documents\\monke\\BotFiles\\Handlers\\Message.js:33:9)","service":"user-service"}
{"level":"error","message":"Call next action: [ck <@!193604643824074754>] TypeError: Cannot read property 'type' of undefined\n    at Object.DBS.callNextAction (C:\\Users\\Michael\\Documents\\monke\\BotFiles\\bot.js:127:20)\n    at Object.module.exports.Message_Handle (C:\\Users\\Michael\\Documents\\monke\\BotFiles\\Handlers\\Message.js:33:9)","service":"user-service"}
{"level":"error","message":"Call next action: [ck <@!193604643824074754>] TypeError: Cannot read property 'type' of undefined\n    at Object.DBS.callNextAction (C:\\Users\\Michael\\Documents\\monke\\BotFiles\\bot.js:127:20)\n    at Object.module.exports.Message_Handle (C:\\Users\\Michael\\Documents\\monke\\BotFiles\\Handlers\\Message.js:33:9)\n    at processTicksAndRejections (internal/process/task_queues.js:93:5)","service":"user-service"}
{"level":"error","message":"Call next action: [urge 1232] TypeError: Cannot read property 'type' of undefined\n    at Object.DBS.callNextAction (C:\\Users\\Michael\\Documents\\monke\\BotFiles\\bot.js:127:20)\n    at Object.module.exports.Message_Handle (C:\\Users\\Michael\\Documents\\monke\\BotFiles\\Handlers\\Message.js:33:9)","service":"user-service"}
{"level":"error","message":"Call next action: [urge] TypeError: Cannot read property 'type' of undefined\n    at Object.DBS.callNextAction (C:\\Users\\Michael\\Documents\\monke\\BotFiles\\bot.js:127:20)\n    at Object.module.exports.Message_Handle (C:\\Users\\Michael\\Documents\\monke\\BotFiles\\Handlers\\Message.js:33:9)","service":"user-service"}
{"level":"error","message":"Call next action: [urge 11] TypeError: Cannot read property 'type' of undefined\n    at Object.DBS.callNextAction (C:\\Users\\Michael\\Documents\\monke\\BotFiles\\bot.js:127:20)\n    at Object.module.exports.Message_Handle (C:\\Users\\Michael\\Documents\\monke\\BotFiles\\Handlers\\Message.js:33:9)","service":"user-service"}
{"level":"error","message":"Call next action: [urge 123] TypeError: Cannot read property 'type' of undefined\n    at Object.DBS.callNextAction (C:\\Users\\Michael\\Documents\\monke\\BotFiles\\bot.js:127:20)\n    at Object.module.exports.Message_Handle (C:\\Users\\Michael\\Documents\\monke\\BotFiles\\Handlers\\Message.js:33:9)","service":"user-service"}
{"level":"error","message":"Call next action: [ge <@!461930216877588500>] TypeError: Cannot read property 'type' of undefined\n    at Object.DBS.callNextAction (C:\\Users\\Michael\\Documents\\monke\\BotFiles\\bot.js:127:20)\n    at Object.module.exports.Message_Handle (C:\\Users\\Michael\\Documents\\monke\\BotFiles\\Handlers\\Message.js:33:9)","service":"user-service"}
{"level":"error","message":"Call next action: [ge <@!461930216877588500>] TypeError: Cannot read property 'type' of undefined\n    at Object.DBS.callNextAction (C:\\Users\\Michael\\Documents\\monke\\BotFiles\\bot.js:127:20)\n    at Object.module.exports.Message_Handle (C:\\Users\\Michael\\Documents\\monke\\BotFiles\\Handlers\\Message.js:33:9)","service":"user-service"}
{"level":"error","message":"Call next action: [ge <@!787116238286618624>] TypeError: Cannot read property 'type' of undefined\n    at Object.DBS.callNextAction (C:\\Users\\Michael\\Documents\\monke\\BotFiles\\bot.js:127:20)\n    at Object.module.exports.Message_Handle (C:\\Users\\Michael\\Documents\\monke\\BotFiles\\Handlers\\Message.js:33:9)","service":"user-service"}
{"level":"error","message":"Call next action: [ge <@!787116238286618624>] TypeError: Cannot read property 'type' of undefined\n    at Object.DBS.callNextAction (C:\\Users\\Michael\\Documents\\monke\\BotFiles\\bot.js:127:20)\n    at Object.module.exports.Message_Handle (C:\\Users\\Michael\\Documents\\monke\\BotFiles\\Handlers\\Message.js:33:9)","service":"user-service"}
{"level":"error","message":"Call next action: [urge 1232] TypeError: Cannot read property 'type' of undefined\n    at Object.DBS.callNextAction (C:\\Users\\Michael\\Documents\\monke\\BotFiles\\bot.js:127:20)\n    at Object.module.exports.Message_Handle (C:\\Users\\Michael\\Documents\\monke\\BotFiles\\Handlers\\Message.js:33:9)","service":"user-service"}
{"level":"error","message":"Call next action: [urge 3123] TypeError: Cannot read property 'type' of undefined\n    at Object.DBS.callNextAction (C:\\Users\\Michael\\Documents\\monke\\BotFiles\\bot.js:127:20)\n    at Object.module.exports.Message_Handle (C:\\Users\\Michael\\Documents\\monke\\BotFiles\\Handlers\\Message.js:33:9)","service":"user-service"}
{"level":"error","message":"Call next action: [ick] TypeError: Cannot read property 'type' of undefined\n    at Object.DBS.callNextAction (C:\\Users\\Michael\\Documents\\monke\\BotFiles\\bot.js:127:20)\n    at Object.module.exports.Message_Handle (C:\\Users\\Michael\\Documents\\monke\\BotFiles\\Handlers\\Message.js:33:9)","service":"user-service"}
{"level":"error","message":"Call next action: [k <@!787116238286618624>] TypeError: Cannot read property 'type' of undefined\n    at Object.DBS.callNextAction (C:\\Users\\Michael\\Documents\\monke\\BotFiles\\bot.js:127:20)\n    at Object.module.exports.Message_Handle (C:\\Users\\Michael\\Documents\\monke\\BotFiles\\Handlers\\Message.js:33:9)","service":"user-service"}
{"level":"error","message":"Call next action: [k <@!787116238286618624>] TypeError: Cannot read property 'type' of undefined\n    at Object.DBS.callNextAction (C:\\Users\\Michael\\Documents\\monke\\BotFiles\\bot.js:127:20)\n    at Object.module.exports.Message_Handle (C:\\Users\\Michael\\Documents\\monke\\BotFiles\\Handlers\\Message.js:33:9)","service":"user-service"}
{"level":"error","message":"Call next action: [k <@!515725182724210697>] TypeError: Cannot read property 'type' of undefined\n    at Object.DBS.callNextAction (C:\\Users\\Michael\\Documents\\monke\\BotFiles\\bot.js:127:20)\n    at Object.module.exports.Message_Handle (C:\\Users\\Michael\\Documents\\monke\\BotFiles\\Handlers\\Message.js:33:9)","service":"user-service"}
{"level":"error","message":"Call next action: [k <@!515725182724210697>] TypeError: Cannot read property 'type' of undefined\n    at Object.DBS.callNextAction (C:\\Users\\Michael\\Documents\\monke\\BotFiles\\bot.js:127:20)\n    at Object.module.exports.Message_Handle (C:\\Users\\Michael\\Documents\\monke\\BotFiles\\Handlers\\Message.js:33:9)","service":"user-service"}
{"level":"error","message":"Call next action: [k <@!437808476106784770>] TypeError: Cannot read property 'type' of undefined\n    at Object.DBS.callNextAction (C:\\Users\\Michael\\Documents\\monke\\BotFiles\\bot.js:127:20)\n    at Object.module.exports.Message_Handle (C:\\Users\\Michael\\Documents\\monke\\BotFiles\\Handlers\\Message.js:33:9)","service":"user-service"}
{"level":"error","message":"Call next action: [k <@!437808476106784770>] TypeError: Cannot read property 'type' of undefined\n    at Object.DBS.callNextAction (C:\\Users\\Michael\\Documents\\monke\\BotFiles\\bot.js:127:20)\n    at Object.module.exports.Message_Handle (C:\\Users\\Michael\\Documents\\monke\\BotFiles\\Handlers\\Message.js:33:9)","service":"user-service"}
{"level":"error","message":"Call next action: [ck <@!756630600634597387>] TypeError: Cannot read property 'type' of undefined\n    at Object.DBS.callNextAction (C:\\Users\\Michael\\Documents\\monke\\BotFiles\\bot.js:127:20)\n    at Object.module.exports.Message_Handle (C:\\Users\\Michael\\Documents\\monke\\BotFiles\\Handlers\\Message.js:33:9)","service":"user-service"}
{"level":"error","message":"Call next action: [ck <@!756630600634597387>] TypeError: Cannot read property 'type' of undefined\n    at Object.DBS.callNextAction (C:\\Users\\Michael\\Documents\\monke\\BotFiles\\bot.js:127:20)\n    at Object.module.exports.Message_Handle (C:\\Users\\Michael\\Documents\\monke\\BotFiles\\Handlers\\Message.js:33:9)\n    at processTicksAndRejections (internal/process/task_queues.js:93:5)","service":"user-service"}
{"level":"error","message":"Call next action: [urge 123] TypeError: Cannot read property 'type' of undefined\n    at Object.DBS.callNextAction (C:\\Users\\Michael\\Documents\\monke\\BotFiles\\bot.js:127:20)\n    at Object.module.exports.Message_Handle (C:\\Users\\Michael\\Documents\\monke\\BotFiles\\Handlers\\Message.js:33:9)","service":"user-service"}
{"level":"error","message":"Call next action: [urge 123] TypeError: Cannot read property 'type' of undefined\n    at Object.DBS.callNextAction (C:\\Users\\Michael\\Documents\\monke\\BotFiles\\bot.js:127:20)\n    at Object.module.exports.Message_Handle (C:\\Users\\Michael\\Documents\\monke\\BotFiles\\Handlers\\Message.js:33:9)","service":"user-service"}
{"level":"error","message":"Call next action: [ck <@!756204849695293440>] TypeError: Cannot read property 'type' of undefined\n    at Object.DBS.callNextAction (C:\\Users\\Michael\\Documents\\monke\\BotFiles\\bot.js:127:20)\n    at Object.module.exports.Message_Handle (C:\\Users\\Michael\\Documents\\monke\\BotFiles\\Handlers\\Message.js:33:9)","service":"user-service"}
{"level":"error","message":"Call next action: [ck <@!756204849695293440>] TypeError: Cannot read property 'type' of undefined\n    at Object.DBS.callNextAction (C:\\Users\\Michael\\Documents\\monke\\BotFiles\\bot.js:127:20)\n    at Object.module.exports.Message_Handle (C:\\Users\\Michael\\Documents\\monke\\BotFiles\\Handlers\\Message.js:33:9)\n    at processTicksAndRejections (internal/process/task_queues.js:93:5)","service":"user-service"}
{"level":"error","message":"Call next action: [urge 132] TypeError: Cannot read property 'type' of undefined\n    at Object.DBS.callNextAction (C:\\Users\\Michael\\Documents\\monke\\BotFiles\\bot.js:127:20)\n    at Object.module.exports.Message_Handle (C:\\Users\\Michael\\Documents\\monke\\BotFiles\\Handlers\\Message.js:33:9)","service":"user-service"}
{"level":"error","message":"Call next action: [urge <@!437808476106784770>] TypeError: Cannot read property 'type' of undefined\n    at Object.DBS.callNextAction (C:\\Users\\Michael\\Documents\\monke\\BotFiles\\bot.js:127:20)\n    at Object.module.exports.Message_Handle (C:\\Users\\Michael\\Documents\\monke\\BotFiles\\Handlers\\Message.js:33:9)","service":"user-service"}
{"level":"error","message":"Call next action: [rge <@!756204849695293440>] TypeError: Cannot read property 'type' of undefined\n    at Object.DBS.callNextAction (C:\\Users\\Michael\\Documents\\monke\\BotFiles\\bot.js:127:20)\n    at Object.module.exports.Message_Handle (C:\\Users\\Michael\\Documents\\monke\\BotFiles\\Handlers\\Message.js:33:9)","service":"user-service"}
{"level":"error","message":"Call next action: [rge <@!756204849695293440>] TypeError: Cannot read property 'type' of undefined\n    at Object.DBS.callNextAction (C:\\Users\\Michael\\Documents\\monke\\BotFiles\\bot.js:127:20)\n    at Object.module.exports.Message_Handle (C:\\Users\\Michael\\Documents\\monke\\BotFiles\\Handlers\\Message.js:33:9)\n    at processTicksAndRejections (internal/process/task_queues.js:93:5)","service":"user-service"}
{"level":"error","message":"Call next action: [urge 123] TypeError: Cannot read property 'type' of undefined\n    at Object.DBS.callNextAction (C:\\Users\\Michael\\Documents\\monke\\BotFiles\\bot.js:127:20)\n    at Object.module.exports.Message_Handle (C:\\Users\\Michael\\Documents\\monke\\BotFiles\\Handlers\\Message.js:33:9)","service":"user-service"}
{"level":"error","message":"Call next action: [urge 123] TypeError: Cannot read property 'type' of undefined\n    at Object.DBS.callNextAction (C:\\Users\\Michael\\Documents\\monke\\BotFiles\\bot.js:127:20)\n    at Object.module.exports.Message_Handle (C:\\Users\\Michael\\Documents\\monke\\BotFiles\\Handlers\\Message.js:33:9)\n    at processTicksAndRejections (internal/process/task_queues.js:93:5)","service":"user-service"}
{"level":"error","message":"Call next action: [ick] TypeError: Cannot read property 'type' of undefined\n    at Object.DBS.callNextAction (C:\\Users\\Michael\\Documents\\monke\\BotFiles\\bot.js:127:20)\n    at Object.module.exports.Message_Handle (C:\\Users\\Michael\\Documents\\monke\\BotFiles\\Handlers\\Message.js:33:9)","service":"user-service"}
{"level":"error","message":"Call next action: [ick] TypeError: Cannot read property 'type' of undefined\n    at Object.DBS.callNextAction (C:\\Users\\Michael\\Documents\\monke\\BotFiles\\bot.js:127:20)\n    at Object.module.exports.Message_Handle (C:\\Users\\Michael\\Documents\\monke\\BotFiles\\Handlers\\Message.js:33:9)\n    at processTicksAndRejections (internal/process/task_queues.js:93:5)","service":"user-service"}
{"level":"error","message":"Call next action: [ick] TypeError: Cannot read property 'type' of undefined\n    at Object.DBS.callNextAction (C:\\Users\\Michael\\Documents\\monke\\BotFiles\\bot.js:127:20)\n    at Object.module.exports.Message_Handle (C:\\Users\\Michael\\Documents\\monke\\BotFiles\\Handlers\\Message.js:33:9)","service":"user-service"}
{"level":"error","message":"Call next action: [ick] TypeError: Cannot read property 'type' of undefined\n    at Object.DBS.callNextAction (C:\\Users\\Michael\\Documents\\monke\\BotFiles\\bot.js:127:20)\n    at Object.module.exports.Message_Handle (C:\\Users\\Michael\\Documents\\monke\\BotFiles\\Handlers\\Message.js:33:9)\n    at processTicksAndRejections (internal/process/task_queues.js:93:5)","service":"user-service"}
{"level":"error","message":"Call next action: [arn] TypeError: Cannot read property 'type' of undefined\n    at Object.DBS.callNextAction (C:\\Users\\Michael\\Documents\\monke\\BotFiles\\bot.js:127:20)\n    at Object.module.exports.Message_Handle (C:\\Users\\Michael\\Documents\\monke\\BotFiles\\Handlers\\Message.js:33:9)","service":"user-service"}
{"level":"error","message":"Call next action: [arn] TypeError: Cannot read property 'type' of undefined\n    at Object.DBS.callNextAction (C:\\Users\\Michael\\Documents\\monke\\BotFiles\\bot.js:127:20)\n    at Object.module.exports.Message_Handle (C:\\Users\\Michael\\Documents\\monke\\BotFiles\\Handlers\\Message.js:33:9)\n    at processTicksAndRejections (internal/process/task_queues.js:93:5)","service":"user-service"}
{"level":"error","message":"Call next action: [help] TypeError: Cannot read property 'type' of undefined\n    at Object.DBS.callNextAction (C:\\Users\\Michael\\Documents\\monke\\BotFiles\\bot.js:127:20)\n    at Object.module.exports.Message_Handle (C:\\Users\\Michael\\Documents\\monke\\BotFiles\\Handlers\\Message.js:33:9)\n    at processTicksAndRejections (internal/process/task_queues.js:93:5)","service":"user-service"}
{"level":"error","message":"Call next action: [helpmods] TypeError: Cannot read property 'type' of undefined\n    at Object.DBS.callNextAction (C:\\Users\\Michael\\Documents\\monke\\BotFiles\\bot.js:127:20)\n    at Object.module.exports.Message_Handle (C:\\Users\\Michael\\Documents\\monke\\BotFiles\\Handlers\\Message.js:33:9)\n    at processTicksAndRejections (internal/process/task_queues.js:93:5)","service":"user-service"}
{"level":"error","message":"Call next action: [arn] TypeError: Cannot read property 'type' of undefined\n    at Object.DBS.callNextAction (C:\\Users\\Michael\\Documents\\monke\\BotFiles\\bot.js:127:20)\n    at Object.module.exports.Message_Handle (C:\\Users\\Michael\\Documents\\monke\\BotFiles\\Handlers\\Message.js:33:9)","service":"user-service"}
{"level":"error","message":"Call next action: [arn] TypeError: Cannot read property 'type' of undefined\n    at Object.DBS.callNextAction (C:\\Users\\Michael\\Documents\\monke\\BotFiles\\bot.js:127:20)\n    at Object.module.exports.Message_Handle (C:\\Users\\Michael\\Documents\\monke\\BotFiles\\Handlers\\Message.js:33:9)\n    at processTicksAndRejections (internal/process/task_queues.js:93:5)","service":"user-service"}
{"level":"error","message":"Call next action: [an] TypeError: Cannot read property 'type' of undefined\n    at Object.DBS.callNextAction (C:\\Users\\Michael\\Documents\\monke\\BotFiles\\bot.js:127:20)\n    at Object.module.exports.Message_Handle (C:\\Users\\Michael\\Documents\\monke\\BotFiles\\Handlers\\Message.js:33:9)","service":"user-service"}
{"level":"error","message":"Call next action: [an] TypeError: Cannot read property 'type' of undefined\n    at Object.DBS.callNextAction (C:\\Users\\Michael\\Documents\\monke\\BotFiles\\bot.js:127:20)\n    at Object.module.exports.Message_Handle (C:\\Users\\Michael\\Documents\\monke\\BotFiles\\Handlers\\Message.js:33:9)\n    at processTicksAndRejections (internal/process/task_queues.js:93:5)","service":"user-service"}
{"level":"error","message":"Call next action: [urge] TypeError: Cannot read property 'type' of undefined\n    at Object.DBS.callNextAction (C:\\Users\\Michael\\Documents\\monke\\BotFiles\\bot.js:127:20)\n    at Object.module.exports.Message_Handle (C:\\Users\\Michael\\Documents\\monke\\BotFiles\\Handlers\\Message.js:33:9)","service":"user-service"}
{"level":"error","message":"Call next action: [urge] TypeError: Cannot read property 'type' of undefined\n    at Object.DBS.callNextAction (C:\\Users\\Michael\\Documents\\monke\\BotFiles\\bot.js:127:20)\n    at Object.module.exports.Message_Handle (C:\\Users\\Michael\\Documents\\monke\\BotFiles\\Handlers\\Message.js:33:9)\n    at processTicksAndRejections (internal/process/task_queues.js:93:5)","service":"user-service"}
{"level":"error","message":"Call next action: [ute] TypeError: Cannot read property 'type' of undefined\n    at Object.DBS.callNextAction (C:\\Users\\Michael\\Documents\\monke\\BotFiles\\bot.js:127:20)\n    at Object.module.exports.Message_Handle (C:\\Users\\Michael\\Documents\\monke\\BotFiles\\Handlers\\Message.js:33:9)","service":"user-service"}
{"level":"error","message":"Call next action: [ute] TypeError: Cannot read property 'type' of undefined\n    at Object.DBS.callNextAction (C:\\Users\\Michael\\Documents\\monke\\BotFiles\\bot.js:127:20)\n    at Object.module.exports.Message_Handle (C:\\Users\\Michael\\Documents\\monke\\BotFiles\\Handlers\\Message.js:33:9)\n    at processTicksAndRejections (internal/process/task_queues.js:93:5)","service":"user-service"}
{"level":"error","message":"Call next action: [nmute] TypeError: Cannot read property 'type' of undefined\n    at Object.DBS.callNextAction (C:\\Users\\Michael\\Documents\\monke\\BotFiles\\bot.js:127:20)\n    at Object.module.exports.Message_Handle (C:\\Users\\Michael\\Documents\\monke\\BotFiles\\Handlers\\Message.js:33:9)","service":"user-service"}
{"level":"error","message":"Call next action: [nmute] TypeError: Cannot read property 'type' of undefined\n    at Object.DBS.callNextAction (C:\\Users\\Michael\\Documents\\monke\\BotFiles\\bot.js:127:20)\n    at Object.module.exports.Message_Handle (C:\\Users\\Michael\\Documents\\monke\\BotFiles\\Handlers\\Message.js:33:9)\n    at processTicksAndRejections (internal/process/task_queues.js:93:5)","service":"user-service"}
{"level":"error","message":"Call next action: [arn <@!610231111771095050>] TypeError: Cannot read property 'type' of undefined\n    at Object.DBS.callNextAction (C:\\Users\\Michael\\Documents\\monke\\BotFiles\\bot.js:127:20)\n    at Object.module.exports.Message_Handle (C:\\Users\\Michael\\Documents\\monke\\BotFiles\\Handlers\\Message.js:33:9)","service":"user-service"}
{"level":"error","message":"Call next action: [arn <@!610231111771095050>] TypeError: Cannot read property 'type' of undefined\n    at Object.DBS.callNextAction (C:\\Users\\Michael\\Documents\\monke\\BotFiles\\bot.js:127:20)\n    at Object.module.exports.Message_Handle (C:\\Users\\Michael\\Documents\\monke\\BotFiles\\Handlers\\Message.js:33:9)\n    at processTicksAndRejections (internal/process/task_queues.js:93:5)","service":"user-service"}
{"level":"error","message":"Call next action: [rn <@!582782813879664642>] TypeError: Cannot read property 'type' of undefined\n    at Object.DBS.callNextAction (C:\\Users\\Michael\\Documents\\monke\\BotFiles\\bot.js:127:20)\n    at Object.module.exports.Message_Handle (C:\\Users\\Michael\\Documents\\monke\\BotFiles\\Handlers\\Message.js:33:9)","service":"user-service"}
{"level":"error","message":"Call next action: [rn <@!582782813879664642>] TypeError: Cannot read property 'type' of undefined\n    at Object.DBS.callNextAction (C:\\Users\\Michael\\Documents\\monke\\BotFiles\\bot.js:127:20)\n    at Object.module.exports.Message_Handle (C:\\Users\\Michael\\Documents\\monke\\BotFiles\\Handlers\\Message.js:33:9)","service":"user-service"}
{"level":"error","message":"Call next action: [arn] TypeError: Cannot read property 'type' of undefined\n    at Object.DBS.callNextAction (C:\\Users\\Michael\\Documents\\monke\\BotFiles\\bot.js:127:20)\n    at Object.module.exports.Message_Handle (C:\\Users\\Michael\\Documents\\monke\\BotFiles\\Handlers\\Message.js:33:9)","service":"user-service"}
{"level":"error","message":"Call next action: [arn] TypeError: Cannot read property 'type' of undefined\n    at Object.DBS.callNextAction (C:\\Users\\Michael\\Documents\\monke\\BotFiles\\bot.js:127:20)\n    at Object.module.exports.Message_Handle (C:\\Users\\Michael\\Documents\\monke\\BotFiles\\Handlers\\Message.js:33:9)\n    at processTicksAndRejections (internal/process/task_queues.js:93:5)","service":"user-service"}
{"level":"error","message":"Call next action: [bruh] TypeError: Cannot read property 'type' of undefined\n    at Object.DBS.callNextAction (C:\\Users\\Michael\\Documents\\monke\\BotFiles\\bot.js:127:20)\n    at Object.module.exports.Message_Handle (C:\\Users\\Michael\\Documents\\monke\\BotFiles\\Handlers\\Message.js:33:9)\n    at processTicksAndRejections (internal/process/task_queues.js:93:5)","service":"user-service"}
{"level":"error","message":"Call next action: [arn <@!610231111771095050>] TypeError: Cannot read property 'type' of undefined\n    at Object.DBS.callNextAction (C:\\Users\\Michael\\Documents\\monke\\BotFiles\\bot.js:127:20)\n    at Object.module.exports.Message_Handle (C:\\Users\\Michael\\Documents\\monke\\BotFiles\\Handlers\\Message.js:33:9)","service":"user-service"}
{"level":"error","message":"Call next action: [arn <@!610231111771095050>] TypeError: Cannot read property 'type' of undefined\n    at Object.DBS.callNextAction (C:\\Users\\Michael\\Documents\\monke\\BotFiles\\bot.js:127:20)\n    at Object.module.exports.Message_Handle (C:\\Users\\Michael\\Documents\\monke\\BotFiles\\Handlers\\Message.js:33:9)\n    at processTicksAndRejections (internal/process/task_queues.js:93:5)","service":"user-service"}
{"level":"error","message":"Call next action: [rn <@!610231111771095050>] TypeError: Cannot read property 'type' of undefined\n    at Object.DBS.callNextAction (C:\\Users\\Michael\\Documents\\monke\\BotFiles\\bot.js:127:20)\n    at Object.module.exports.Message_Handle (C:\\Users\\Michael\\Documents\\monke\\BotFiles\\Handlers\\Message.js:33:9)","service":"user-service"}
{"level":"error","message":"Call next action: [rn <@!610231111771095050>] TypeError: Cannot read property 'type' of undefined\n    at Object.DBS.callNextAction (C:\\Users\\Michael\\Documents\\monke\\BotFiles\\bot.js:127:20)\n    at Object.module.exports.Message_Handle (C:\\Users\\Michael\\Documents\\monke\\BotFiles\\Handlers\\Message.js:33:9)","service":"user-service"}
{"level":"error","message":"Call next action: [nfractions <@!610231111771095050>] TypeError: Cannot read property 'type' of undefined\n    at Object.DBS.callNextAction (C:\\Users\\Michael\\Documents\\monke\\BotFiles\\bot.js:127:20)\n    at Object.module.exports.Message_Handle (C:\\Users\\Michael\\Documents\\monke\\BotFiles\\Handlers\\Message.js:33:9)\n    at processTicksAndRejections (internal/process/task_queues.js:93:5)","service":"user-service"}
{"level":"error","message":"Call next action: [arn] TypeError: Cannot read property 'type' of undefined\n    at Object.DBS.callNextAction (C:\\Users\\Michael\\Documents\\monke\\BotFiles\\bot.js:127:20)\n    at Object.module.exports.Message_Handle (C:\\Users\\Michael\\Documents\\monke\\BotFiles\\Handlers\\Message.js:33:9)","service":"user-service"}
{"level":"error","message":"Call next action: [arn] TypeError: Cannot read property 'type' of undefined\n    at Object.DBS.callNextAction (C:\\Users\\Michael\\Documents\\monke\\BotFiles\\bot.js:127:20)\n    at Object.module.exports.Message_Handle (C:\\Users\\Michael\\Documents\\monke\\BotFiles\\Handlers\\Message.js:33:9)\n    at processTicksAndRejections (internal/process/task_queues.js:93:5)","service":"user-service"}
{"level":"error","message":"Call next action: [monke] TypeError: Cannot read property 'type' of undefined\n    at Object.DBS.callNextAction (C:\\Users\\Michael\\Documents\\monke\\BotFiles\\bot.js:127:20)\n    at Object.module.exports.Message_Handle (C:\\Users\\Michael\\Documents\\monke\\BotFiles\\Handlers\\Message.js:33:9)\n    at processTicksAndRejections (internal/process/task_queues.js:93:5)","service":"user-service"}
{"level":"error","message":"Call next action: [status] TypeError: Cannot read property 'type' of undefined\n    at Object.DBS.callNextAction (C:\\Users\\Michael\\Documents\\monke\\BotFiles\\bot.js:127:20)\n    at Object.module.exports.Message_Handle (C:\\Users\\Michael\\Documents\\monke\\BotFiles\\Handlers\\Message.js:33:9)","service":"user-service"}
{"level":"error","message":"Call next action: [rk] TypeError: Cannot read property 'type' of undefined\n    at Object.DBS.callNextAction (C:\\Users\\Michael\\Documents\\monke\\BotFiles\\bot.js:127:20)\n    at Object.module.exports.Message_Handle (C:\\Users\\Michael\\Documents\\monke\\BotFiles\\Handlers\\Message.js:33:9)\n    at processTicksAndRejections (internal/process/task_queues.js:93:5)","service":"user-service"}
{"level":"error","message":"Call next action: [al] TypeError: Cannot read property 'type' of undefined\n    at Object.DBS.callNextAction (C:\\Users\\Michael\\Documents\\monke\\BotFiles\\bot.js:127:20)\n    at Object.module.exports.Message_Handle (C:\\Users\\Michael\\Documents\\monke\\BotFiles\\Handlers\\Message.js:33:9)\n    at processTicksAndRejections (internal/process/task_queues.js:93:5)","service":"user-service"}
{"level":"error","message":"Call next action: [rk] TypeError: Cannot read property 'type' of undefined\n    at Object.DBS.callNextAction (C:\\Users\\Michael\\Documents\\monke\\BotFiles\\bot.js:127:20)\n    at Object.module.exports.Message_Handle (C:\\Users\\Michael\\Documents\\monke\\BotFiles\\Handlers\\Message.js:33:9)\n    at processTicksAndRejections (internal/process/task_queues.js:93:5)","service":"user-service"}
{"level":"error","message":"Call next action: [al] TypeError: Cannot read property 'type' of undefined\n    at Object.DBS.callNextAction (C:\\Users\\Michael\\Documents\\monke\\BotFiles\\bot.js:127:20)\n    at Object.module.exports.Message_Handle (C:\\Users\\Michael\\Documents\\monke\\BotFiles\\Handlers\\Message.js:33:9)\n    at processTicksAndRejections (internal/process/task_queues.js:93:5)","service":"user-service"}
{"level":"error","message":"Call next action: [al] TypeError: Cannot read property 'type' of undefined\n    at Object.DBS.callNextAction (C:\\Users\\Michael\\Documents\\monke\\BotFiles\\bot.js:127:20)\n    at Object.module.exports.Message_Handle (C:\\Users\\Michael\\Documents\\monke\\BotFiles\\Handlers\\Message.js:33:9)\n    at processTicksAndRejections (internal/process/task_queues.js:93:5)","service":"user-service"}
{"level":"error","message":"Call next action: [help] TypeError: Cannot read property 'type' of undefined\n    at Object.DBS.callNextAction (C:\\Users\\Michael\\Documents\\monke\\BotFiles\\bot.js:127:20)\n    at Object.module.exports.Message_Handle (C:\\Users\\Michael\\Documents\\monke\\BotFiles\\Handlers\\Message.js:33:9)\n    at processTicksAndRejections (internal/process/task_queues.js:93:5)","service":"user-service"}
{"level":"error","message":"Call next action: [helpmods] TypeError: Cannot read property 'type' of undefined\n    at Object.DBS.callNextAction (C:\\Users\\Michael\\Documents\\monke\\BotFiles\\bot.js:127:20)\n    at Object.module.exports.Message_Handle (C:\\Users\\Michael\\Documents\\monke\\BotFiles\\Handlers\\Message.js:33:9)\n    at processTicksAndRejections (internal/process/task_queues.js:93:5)","service":"user-service"}
{"level":"error","message":"Call next action: [helpmods] TypeError: Cannot read property 'type' of undefined\n    at Object.DBS.callNextAction (C:\\Users\\Michael\\Documents\\monke\\BotFiles\\bot.js:127:20)\n    at Object.module.exports.Message_Handle (C:\\Users\\Michael\\Documents\\monke\\BotFiles\\Handlers\\Message.js:33:9)\n    at processTicksAndRejections (internal/process/task_queues.js:93:5)","service":"user-service"}
{"level":"error","message":"Call next action: [helpmods] TypeError: Cannot read property 'type' of undefined\n    at Object.DBS.callNextAction (C:\\Users\\Michael\\Documents\\monke\\BotFiles\\bot.js:127:20)\n    at Object.module.exports.Message_Handle (C:\\Users\\Michael\\Documents\\monke\\BotFiles\\Handlers\\Message.js:33:9)\n    at processTicksAndRejections (internal/process/task_queues.js:93:5)","service":"user-service"}
{"level":"error","message":"Call next action: [helpmods] TypeError: Cannot read property 'type' of undefined\n    at Object.DBS.callNextAction (C:\\Users\\Michael\\Documents\\monke\\BotFiles\\bot.js:127:20)\n    at Object.module.exports.Message_Handle (C:\\Users\\Michael\\Documents\\monke\\BotFiles\\Handlers\\Message.js:33:9)\n    at processTicksAndRejections (internal/process/task_queues.js:93:5)","service":"user-service"}
{"level":"error","message":"Call next action: [etup] TypeError: Cannot read property 'type' of undefined\n    at Object.DBS.callNextAction (C:\\Users\\Michael\\Documents\\monke\\BotFiles\\bot.js:127:20)\n    at Object.module.exports.Message_Handle (C:\\Users\\Michael\\Documents\\monke\\BotFiles\\Handlers\\Message.js:33:9)","service":"user-service"}
{"level":"error","message":"Call next action: [etup] TypeError: Cannot read property 'type' of undefined\n    at Object.DBS.callNextAction (C:\\Users\\Michael\\Documents\\monke\\BotFiles\\bot.js:127:20)\n    at Object.module.exports.Message_Handle (C:\\Users\\Michael\\Documents\\monke\\BotFiles\\Handlers\\Message.js:33:9)\n    at processTicksAndRejections (internal/process/task_queues.js:93:5)","service":"user-service"}
{"level":"error","message":"Call next action: [help] TypeError: Cannot read property 'type' of undefined\n    at Object.DBS.callNextAction (C:\\Users\\Michael\\Documents\\monke\\BotFiles\\bot.js:127:20)\n    at Object.module.exports.Message_Handle (C:\\Users\\Michael\\Documents\\monke\\BotFiles\\Handlers\\Message.js:33:9)\n    at processTicksAndRejections (internal/process/task_queues.js:93:5)","service":"user-service"}
{"level":"error","message":"Call next action: [help] TypeError: Cannot read property 'type' of undefined\n    at Object.DBS.callNextAction (C:\\Users\\Michael\\Documents\\monke\\BotFiles\\bot.js:127:20)\n    at Object.module.exports.Message_Handle (C:\\Users\\Michael\\Documents\\monke\\BotFiles\\Handlers\\Message.js:33:9)\n    at processTicksAndRejections (internal/process/task_queues.js:93:5)","service":"user-service"}
{"level":"error","message":"Call next action: [help] TypeError: Cannot read property 'type' of undefined\n    at Object.DBS.callNextAction (C:\\Users\\Michael\\Documents\\monke\\BotFiles\\bot.js:127:20)\n    at Object.module.exports.Message_Handle (C:\\Users\\Michael\\Documents\\monke\\BotFiles\\Handlers\\Message.js:33:9)\n    at processTicksAndRejections (internal/process/task_queues.js:93:5)","service":"user-service"}
{"level":"error","message":"Call next action: [help] TypeError: Cannot read property 'type' of undefined\n    at Object.DBS.callNextAction (C:\\Users\\Michael\\Documents\\monke\\BotFiles\\bot.js:127:20)\n    at Object.module.exports.Message_Handle (C:\\Users\\Michael\\Documents\\monke\\BotFiles\\Handlers\\Message.js:33:9)\n    at processTicksAndRejections (internal/process/task_queues.js:93:5)","service":"user-service"}
{"level":"error","message":"Call next action: [helpmods] TypeError: Cannot read property 'type' of undefined\n    at Object.DBS.callNextAction (C:\\Users\\Michael\\Documents\\monke\\BotFiles\\bot.js:127:20)\n    at Object.module.exports.Message_Handle (C:\\Users\\Michael\\Documents\\monke\\BotFiles\\Handlers\\Message.js:33:9)\n    at processTicksAndRejections (internal/process/task_queues.js:93:5)","service":"user-service"}
{"level":"error","message":"Call next action: [helpmods] TypeError: Cannot read property 'type' of undefined\n    at Object.DBS.callNextAction (C:\\Users\\Michael\\Documents\\monke\\BotFiles\\bot.js:127:20)\n    at Object.module.exports.Message_Handle (C:\\Users\\Michael\\Documents\\monke\\BotFiles\\Handlers\\Message.js:33:9)\n    at processTicksAndRejections (internal/process/task_queues.js:93:5)","service":"user-service"}
{"level":"error","message":"Call next action: [help] TypeError: Cannot read property 'type' of undefined\n    at Object.DBS.callNextAction (C:\\Users\\Michael\\Documents\\monke\\BotFiles\\bot.js:127:20)\n    at Object.module.exports.Message_Handle (C:\\Users\\Michael\\Documents\\monke\\BotFiles\\Handlers\\Message.js:33:9)\n    at processTicksAndRejections (internal/process/task_queues.js:93:5)","service":"user-service"}
{"level":"error","message":"Call next action: [helpmods] TypeError: Cannot read property 'type' of undefined\n    at Object.DBS.callNextAction (C:\\Users\\Michael\\Documents\\monke\\BotFiles\\bot.js:127:20)\n    at Object.module.exports.Message_Handle (C:\\Users\\Michael\\Documents\\monke\\BotFiles\\Handlers\\Message.js:33:9)\n    at processTicksAndRejections (internal/process/task_queues.js:93:5)","service":"user-service"}
{"level":"error","message":"Call next action: [helpfun] TypeError: Cannot read property 'type' of undefined\n    at Object.DBS.callNextAction (C:\\Users\\Michael\\Documents\\monke\\BotFiles\\bot.js:127:20)\n    at Object.module.exports.Message_Handle (C:\\Users\\Michael\\Documents\\monke\\BotFiles\\Handlers\\Message.js:33:9)\n    at processTicksAndRejections (internal/process/task_queues.js:93:5)","service":"user-service"}
{"level":"error","message":"Call next action: [bruh] TypeError: Cannot read property 'type' of undefined\n    at Object.DBS.callNextAction (C:\\Users\\Michael\\Documents\\monke\\BotFiles\\bot.js:127:20)\n    at Object.module.exports.Message_Handle (C:\\Users\\Michael\\Documents\\monke\\BotFiles\\Handlers\\Message.js:33:9)\n    at processTicksAndRejections (internal/process/task_queues.js:93:5)","service":"user-service"}
{"level":"error","message":"Call next action: [rk] TypeError: Cannot read property 'type' of undefined\n    at Object.DBS.callNextAction (C:\\Users\\Michael\\Documents\\monke\\BotFiles\\bot.js:127:20)\n    at Object.module.exports.Message_Handle (C:\\Users\\Michael\\Documents\\monke\\BotFiles\\Handlers\\Message.js:33:9)\n    at processTicksAndRejections (internal/process/task_queues.js:93:5)","service":"user-service"}
{"level":"error","message":"Call next action: [al] TypeError: Cannot read property 'type' of undefined\n    at Object.DBS.callNextAction (C:\\Users\\Michael\\Documents\\monke\\BotFiles\\bot.js:127:20)\n    at Object.module.exports.Message_Handle (C:\\Users\\Michael\\Documents\\monke\\BotFiles\\Handlers\\Message.js:33:9)\n    at processTicksAndRejections (internal/process/task_queues.js:93:5)","service":"user-service"}
{"level":"error","message":"Call next action: [meme] TypeError: Cannot read property 'type' of undefined\n    at Object.DBS.callNextAction (C:\\Users\\Michael\\Documents\\monke\\BotFiles\\bot.js:127:20)\n    at Object.module.exports.Message_Handle (C:\\Users\\Michael\\Documents\\monke\\BotFiles\\Handlers\\Message.js:33:9)\n    at processTicksAndRejections (internal/process/task_queues.js:93:5)","service":"user-service"}
